C:\USERS\BENZAP\DOCUMENTS\VISUAL STUDIO 2012\PROJECTS\ARMYBATTLE\LIBARMYENGINE\DEBUG\EVENTMANAGER.OBJ
C:\USERS\BENZAP\DOCUMENTS\VISUAL STUDIO 2012\PROJECTS\ARMYBATTLE\LIBARMYENGINE\DEBUG\EVENTSYSTEM.OBJ
C:\USERS\BENZAP\DOCUMENTS\VISUAL STUDIO 2012\PROJECTS\ARMYBATTLE\LIBARMYENGINE\DEBUG\HEALTHCOMPONENT.OBJ
C:\USERS\BENZAP\DOCUMENTS\VISUAL STUDIO 2012\PROJECTS\ARMYBATTLE\LIBARMYENGINE\DEBUG\INPUTCOMPONENT.OBJ
C:\USERS\BENZAP\DOCUMENTS\VISUAL STUDIO 2012\PROJECTS\ARMYBATTLE\LIBARMYENGINE\DEBUG\INPUTSYSTEM.OBJ
C:\USERS\BENZAP\DOCUMENTS\VISUAL STUDIO 2012\PROJECTS\ARMYBATTLE\LIBARMYENGINE\DEBUG\MAINENTITY.OBJ
C:\USERS\BENZAP\DOCUMENTS\VISUAL STUDIO 2012\PROJECTS\ARMYBATTLE\LIBARMYENGINE\DEBUG\POSITIONCOMPONENT.OBJ
C:\USERS\BENZAP\DOCUMENTS\VISUAL STUDIO 2012\PROJECTS\ARMYBATTLE\LIBARMYENGINE\DEBUG\SHAPECOMPONENT.OBJ
C:\USERS\BENZAP\DOCUMENTS\VISUAL STUDIO 2012\PROJECTS\ARMYBATTLE\LIBARMYENGINE\DEBUG\SHAPEMANAGER.OBJ
C:\USERS\BENZAP\DOCUMENTS\VISUAL STUDIO 2012\PROJECTS\ARMYBATTLE\LIBARMYENGINE\DEBUG\AE_UTILITIES.OBJ
C:\USERS\BENZAP\DOCUMENTS\VISUAL STUDIO 2012\PROJECTS\ARMYBATTLE\LIBARMYENGINE\DEBUG\SPRITECOMPONENT.OBJ
C:\USERS\BENZAP\DOCUMENTS\VISUAL STUDIO 2012\PROJECTS\ARMYBATTLE\LIBARMYENGINE\DEBUG\SPRITEMANAGER.OBJ
C:\USERS\BENZAP\DOCUMENTS\VISUAL STUDIO 2012\PROJECTS\ARMYBATTLE\LIBARMYENGINE\DEBUG\SPRITESYSTEM.OBJ
C:\USERS\BENZAP\DOCUMENTS\VISUAL STUDIO 2012\PROJECTS\ARMYBATTLE\LIBARMYENGINE\DEBUG\STATECOMPONENT.OBJ
C:\USERS\BENZAP\DOCUMENTS\VISUAL STUDIO 2012\PROJECTS\ARMYBATTLE\LIBARMYENGINE\DEBUG\STATEMANAGER.OBJ
C:\USERS\BENZAP\DOCUMENTS\VISUAL STUDIO 2012\PROJECTS\ARMYBATTLE\LIBARMYENGINE\DEBUG\STATESYSTEM.OBJ
C:\USERS\BENZAP\DOCUMENTS\VISUAL STUDIO 2012\PROJECTS\ARMYBATTLE\LIBARMYENGINE\DEBUG\SYSTEMMANAGER.OBJ
C:\USERS\BENZAP\DOCUMENTS\VISUAL STUDIO 2012\PROJECTS\ARMYBATTLE\LIBARMYENGINE\DEBUG\TEXTCOMPONENT.OBJ
C:\USERS\BENZAP\DOCUMENTS\VISUAL STUDIO 2012\PROJECTS\ARMYBATTLE\LIBARMYENGINE\DEBUG\TEXTMANAGER.OBJ
C:\USERS\BENZAP\DOCUMENTS\VISUAL STUDIO 2012\PROJECTS\ARMYBATTLE\LIBARMYENGINE\DEBUG\TEXTUREMANAGER.OBJ
C:\USERS\BENZAP\DOCUMENTS\VISUAL STUDIO 2012\PROJECTS\ARMYBATTLE\LIBARMYENGINE\DEBUG\ABSTRACTCOMPONENT.OBJ
C:\USERS\BENZAP\DOCUMENTS\VISUAL STUDIO 2012\PROJECTS\ARMYBATTLE\LIBARMYENGINE\DEBUG\ABSTRACTENTITY.OBJ
C:\USERS\BENZAP\DOCUMENTS\VISUAL STUDIO 2012\PROJECTS\ARMYBATTLE\LIBARMYENGINE\DEBUG\ABSTRACTSYSTEM.OBJ
C:\USERS\BENZAP\DOCUMENTS\VISUAL STUDIO 2012\PROJECTS\ARMYBATTLE\LIBARMYENGINE\DEBUG\ARMYENGINE.OBJ
C:\USERS\BENZAP\DOCUMENTS\VISUAL STUDIO 2012\PROJECTS\ARMYBATTLE\LIBARMYENGINE\DEBUG\CALLBACKMANAGER.OBJ
C:\USERS\BENZAP\DOCUMENTS\VISUAL STUDIO 2012\PROJECTS\ARMYBATTLE\LIBARMYENGINE\DEBUG\COLLISIONCOMPONENT.OBJ
C:\USERS\BENZAP\DOCUMENTS\VISUAL STUDIO 2012\PROJECTS\ARMYBATTLE\LIBARMYENGINE\DEBUG\COLLISIONMANAGER.OBJ
C:\USERS\BENZAP\DOCUMENTS\VISUAL STUDIO 2012\PROJECTS\ARMYBATTLE\LIBARMYENGINE\DEBUG\COLLISIONSYSTEM.OBJ
C:\USERS\BENZAP\DOCUMENTS\VISUAL STUDIO 2012\PROJECTS\ARMYBATTLE\LIBARMYENGINE\DEBUG\COMPONENTFACTORY.OBJ
C:\USERS\BENZAP\DOCUMENTS\VISUAL STUDIO 2012\PROJECTS\ARMYBATTLE\LIBARMYENGINE\DEBUG\ENTITYFACTORY.OBJ
C:\USERS\BENZAP\DOCUMENTS\VISUAL STUDIO 2012\PROJECTS\ARMYBATTLE\LIBARMYENGINE\DEBUG\ENTITYMANAGER.OBJ
C:\USERS\BENZAP\DOCUMENTS\VISUAL STUDIO 2012\PROJECTS\ARMYBATTLE\LIBARMYENGINE\DEBUG\VC110.PDB
C:\USERS\BENZAP\DOCUMENTS\VISUAL STUDIO 2012\PROJECTS\ARMYBATTLE\DEBUG\LIBARMYENGINE.LIB
C:\Users\benzap\documents\visual studio 2012\Projects\armyBattle\libarmyengine\Debug\AbstractComponent.obj
C:\Users\benzap\documents\visual studio 2012\Projects\armyBattle\libarmyengine\Debug\AbstractEntity.obj
C:\Users\benzap\documents\visual studio 2012\Projects\armyBattle\libarmyengine\Debug\AbstractSystem.obj
C:\Users\benzap\documents\visual studio 2012\Projects\armyBattle\libarmyengine\Debug\AE_Utilities.obj
C:\Users\benzap\documents\visual studio 2012\Projects\armyBattle\libarmyengine\Debug\ArmyEngine.obj
C:\Users\benzap\documents\visual studio 2012\Projects\armyBattle\libarmyengine\Debug\CallbackManager.obj
C:\Users\benzap\documents\visual studio 2012\Projects\armyBattle\libarmyengine\Debug\CollisionComponent.obj
C:\Users\benzap\documents\visual studio 2012\Projects\armyBattle\libarmyengine\Debug\CollisionManager.obj
C:\Users\benzap\documents\visual studio 2012\Projects\armyBattle\libarmyengine\Debug\CollisionSystem.obj
C:\Users\benzap\documents\visual studio 2012\Projects\armyBattle\libarmyengine\Debug\ComponentFactory.obj
C:\Users\benzap\documents\visual studio 2012\Projects\armyBattle\libarmyengine\Debug\EntityFactory.obj
C:\Users\benzap\documents\visual studio 2012\Projects\armyBattle\libarmyengine\Debug\EntityManager.obj
C:\Users\benzap\documents\visual studio 2012\Projects\armyBattle\libarmyengine\Debug\EventManager.obj
C:\Users\benzap\documents\visual studio 2012\Projects\armyBattle\libarmyengine\Debug\EventSystem.obj
C:\Users\benzap\documents\visual studio 2012\Projects\armyBattle\libarmyengine\Debug\HealthComponent.obj
C:\Users\benzap\documents\visual studio 2012\Projects\armyBattle\libarmyengine\Debug\InputComponent.obj
C:\Users\benzap\documents\visual studio 2012\Projects\armyBattle\libarmyengine\Debug\InputSystem.obj
C:\Users\benzap\documents\visual studio 2012\Projects\armyBattle\libarmyengine\Debug\MainEntity.obj
C:\Users\benzap\documents\visual studio 2012\Projects\armyBattle\libarmyengine\Debug\PositionComponent.obj
C:\Users\benzap\documents\visual studio 2012\Projects\armyBattle\libarmyengine\Debug\ShapeComponent.obj
C:\Users\benzap\documents\visual studio 2012\Projects\armyBattle\libarmyengine\Debug\ShapeManager.obj
C:\Users\benzap\documents\visual studio 2012\Projects\armyBattle\libarmyengine\Debug\SpriteComponent.obj
C:\Users\benzap\documents\visual studio 2012\Projects\armyBattle\libarmyengine\Debug\SpriteManager.obj
C:\Users\benzap\documents\visual studio 2012\Projects\armyBattle\libarmyengine\Debug\SpriteSystem.obj
C:\Users\benzap\documents\visual studio 2012\Projects\armyBattle\libarmyengine\Debug\StateComponent.obj
C:\Users\benzap\documents\visual studio 2012\Projects\armyBattle\libarmyengine\Debug\StateManager.obj
C:\Users\benzap\documents\visual studio 2012\Projects\armyBattle\libarmyengine\Debug\StateSystem.obj
C:\Users\benzap\documents\visual studio 2012\Projects\armyBattle\libarmyengine\Debug\SystemManager.obj
C:\Users\benzap\documents\visual studio 2012\Projects\armyBattle\libarmyengine\Debug\TextComponent.obj
C:\Users\benzap\documents\visual studio 2012\Projects\armyBattle\libarmyengine\Debug\TextManager.obj
C:\Users\benzap\documents\visual studio 2012\Projects\armyBattle\libarmyengine\Debug\TextureManager.obj
C:\Users\benzap\documents\visual studio 2012\Projects\armyBattle\libarmyengine\Debug\cl.command.1.tlog
C:\Users\benzap\documents\visual studio 2012\Projects\armyBattle\libarmyengine\Debug\CL.read.1.tlog
C:\Users\benzap\documents\visual studio 2012\Projects\armyBattle\libarmyengine\Debug\CL.write.1.tlog
C:\Users\benzap\documents\visual studio 2012\Projects\armyBattle\libarmyengine\Debug\Lib-link.read.1.tlog
C:\Users\benzap\documents\visual studio 2012\Projects\armyBattle\libarmyengine\Debug\Lib-link.write.1.tlog
C:\Users\benzap\documents\visual studio 2012\Projects\armyBattle\libarmyengine\Debug\lib.command.1.tlog
C:\Users\benzap\documents\visual studio 2012\Projects\armyBattle\libarmyengine\Debug\vc110.idb
C:\Users\benzap\documents\visual studio 2012\Projects\armyBattle\libarmyengine\Debug\vc110.pdb
C:\Users\benzap\documents\visual studio 2012\Projects\armyBattle\Debug\libarmyengine.lib
