C:\USERS\BENZAP\DOCUMENTS\VISUAL STUDIO 2012\PROJECTS\ARMYBATTLE\ARMYBATTLE\RELEASE-LOGGING\WORLDOBJECT.OBJ
C:\USERS\BENZAP\DOCUMENTS\VISUAL STUDIO 2012\PROJECTS\ARMYBATTLE\ARMYBATTLE\RELEASE-LOGGING\WORLD.OBJ
C:\USERS\BENZAP\DOCUMENTS\VISUAL STUDIO 2012\PROJECTS\ARMYBATTLE\ARMYBATTLE\RELEASE-LOGGING\VICTORY.OBJ
C:\USERS\BENZAP\DOCUMENTS\VISUAL STUDIO 2012\PROJECTS\ARMYBATTLE\ARMYBATTLE\RELEASE-LOGGING\UNIT.OBJ
C:\USERS\BENZAP\DOCUMENTS\VISUAL STUDIO 2012\PROJECTS\ARMYBATTLE\ARMYBATTLE\RELEASE-LOGGING\STATUSLOG.OBJ
C:\USERS\BENZAP\DOCUMENTS\VISUAL STUDIO 2012\PROJECTS\ARMYBATTLE\ARMYBATTLE\RELEASE-LOGGING\STATUSBAR.OBJ
C:\USERS\BENZAP\DOCUMENTS\VISUAL STUDIO 2012\PROJECTS\ARMYBATTLE\ARMYBATTLE\RELEASE-LOGGING\SCOREBOARD.OBJ
C:\USERS\BENZAP\DOCUMENTS\VISUAL STUDIO 2012\PROJECTS\ARMYBATTLE\ARMYBATTLE\RELEASE-LOGGING\MOUSECURSOR.OBJ
C:\USERS\BENZAP\DOCUMENTS\VISUAL STUDIO 2012\PROJECTS\ARMYBATTLE\ARMYBATTLE\RELEASE-LOGGING\MENU.OBJ
C:\USERS\BENZAP\DOCUMENTS\VISUAL STUDIO 2012\PROJECTS\ARMYBATTLE\ARMYBATTLE\RELEASE-LOGGING\MAIN.OBJ
C:\USERS\BENZAP\DOCUMENTS\VISUAL STUDIO 2012\PROJECTS\ARMYBATTLE\ARMYBATTLE\RELEASE-LOGGING\HUDELEMENT.OBJ
C:\USERS\BENZAP\DOCUMENTS\VISUAL STUDIO 2012\PROJECTS\ARMYBATTLE\ARMYBATTLE\RELEASE-LOGGING\HOMEBASEUNIT.OBJ
C:\USERS\BENZAP\DOCUMENTS\VISUAL STUDIO 2012\PROJECTS\ARMYBATTLE\ARMYBATTLE\RELEASE-LOGGING\HELPSCREEN.OBJ
C:\USERS\BENZAP\DOCUMENTS\VISUAL STUDIO 2012\PROJECTS\ARMYBATTLE\ARMYBATTLE\RELEASE-LOGGING\FIRINGDANGERZONE.OBJ
C:\USERS\BENZAP\DOCUMENTS\VISUAL STUDIO 2012\PROJECTS\ARMYBATTLE\ARMYBATTLE\RELEASE-LOGGING\DRONEUNIT.OBJ
C:\USERS\BENZAP\DOCUMENTS\VISUAL STUDIO 2012\PROJECTS\ARMYBATTLE\ARMYBATTLE\RELEASE-LOGGING\BUTTON.OBJ
C:\USERS\BENZAP\DOCUMENTS\VISUAL STUDIO 2012\PROJECTS\ARMYBATTLE\ARMYBATTLE\RELEASE-LOGGING\ARMYBATTLESTATEMACHINE.OBJ
C:\USERS\BENZAP\DOCUMENTS\VISUAL STUDIO 2012\PROJECTS\ARMYBATTLE\ARMYBATTLE\RELEASE-LOGGING\ARMYBATTLE.OBJ
C:\USERS\BENZAP\DOCUMENTS\VISUAL STUDIO 2012\PROJECTS\ARMYBATTLE\ARMYBATTLE\RELEASE-LOGGING\AB_UTILITIES.OBJ
C:\USERS\BENZAP\DOCUMENTS\VISUAL STUDIO 2012\PROJECTS\ARMYBATTLE\ARMYBATTLE\RELEASE-LOGGING\VC110.PDB
C:\USERS\BENZAP\DOCUMENTS\VISUAL STUDIO 2012\PROJECTS\ARMYBATTLE\RELEASE-LOGGING\ARMYBATTLE.EXE
C:\USERS\BENZAP\DOCUMENTS\VISUAL STUDIO 2012\PROJECTS\ARMYBATTLE\RELEASE-LOGGING\ARMYBATTLE.PDB
C:\Users\benzap\documents\visual studio 2012\Projects\armyBattle\armyBattle\Release-Logging\AB_Utilities.obj
C:\Users\benzap\documents\visual studio 2012\Projects\armyBattle\armyBattle\Release-Logging\ArmyBattle.obj
C:\Users\benzap\documents\visual studio 2012\Projects\armyBattle\armyBattle\Release-Logging\ArmyBattleStateMachine.obj
C:\Users\benzap\documents\visual studio 2012\Projects\armyBattle\armyBattle\Release-Logging\Button.obj
C:\Users\benzap\documents\visual studio 2012\Projects\armyBattle\armyBattle\Release-Logging\DroneUnit.obj
C:\Users\benzap\documents\visual studio 2012\Projects\armyBattle\armyBattle\Release-Logging\FiringDangerZone.obj
C:\Users\benzap\documents\visual studio 2012\Projects\armyBattle\armyBattle\Release-Logging\HelpScreen.obj
C:\Users\benzap\documents\visual studio 2012\Projects\armyBattle\armyBattle\Release-Logging\HomebaseUnit.obj
C:\Users\benzap\documents\visual studio 2012\Projects\armyBattle\armyBattle\Release-Logging\HUDElement.obj
C:\Users\benzap\documents\visual studio 2012\Projects\armyBattle\armyBattle\Release-Logging\Main.obj
C:\Users\benzap\documents\visual studio 2012\Projects\armyBattle\armyBattle\Release-Logging\Menu.obj
C:\Users\benzap\documents\visual studio 2012\Projects\armyBattle\armyBattle\Release-Logging\MouseCursor.obj
C:\Users\benzap\documents\visual studio 2012\Projects\armyBattle\armyBattle\Release-Logging\ScoreBoard.obj
C:\Users\benzap\documents\visual studio 2012\Projects\armyBattle\armyBattle\Release-Logging\StatusBar.obj
C:\Users\benzap\documents\visual studio 2012\Projects\armyBattle\armyBattle\Release-Logging\StatusLog.obj
C:\Users\benzap\documents\visual studio 2012\Projects\armyBattle\armyBattle\Release-Logging\Unit.obj
C:\Users\benzap\documents\visual studio 2012\Projects\armyBattle\armyBattle\Release-Logging\Victory.obj
C:\Users\benzap\documents\visual studio 2012\Projects\armyBattle\armyBattle\Release-Logging\World.obj
C:\Users\benzap\documents\visual studio 2012\Projects\armyBattle\armyBattle\Release-Logging\WorldObject.obj
C:\Users\benzap\documents\visual studio 2012\Projects\armyBattle\armyBattle\Release-Logging\cl.command.1.tlog
C:\Users\benzap\documents\visual studio 2012\Projects\armyBattle\armyBattle\Release-Logging\CL.read.1.tlog
C:\Users\benzap\documents\visual studio 2012\Projects\armyBattle\armyBattle\Release-Logging\CL.write.1.tlog
C:\Users\benzap\documents\visual studio 2012\Projects\armyBattle\armyBattle\Release-Logging\link-cvtres.read.1.tlog
C:\Users\benzap\documents\visual studio 2012\Projects\armyBattle\armyBattle\Release-Logging\link-cvtres.write.1.tlog
C:\Users\benzap\documents\visual studio 2012\Projects\armyBattle\armyBattle\Release-Logging\link-rc.read.1.tlog
C:\Users\benzap\documents\visual studio 2012\Projects\armyBattle\armyBattle\Release-Logging\link-rc.write.1.tlog
C:\Users\benzap\documents\visual studio 2012\Projects\armyBattle\armyBattle\Release-Logging\link.command.1.tlog
C:\Users\benzap\documents\visual studio 2012\Projects\armyBattle\armyBattle\Release-Logging\link.read.1.tlog
C:\Users\benzap\documents\visual studio 2012\Projects\armyBattle\armyBattle\Release-Logging\link.write.1.tlog
C:\Users\benzap\documents\visual studio 2012\Projects\armyBattle\armyBattle\Release-Logging\vc110.pdb
C:\Users\benzap\documents\visual studio 2012\Projects\armyBattle\Release-Logging\armyBattle.pdb
C:\Users\benzap\documents\visual studio 2012\Projects\armyBattle\Release-Logging\armyBattle.exe
