C:\USERS\BENZAP\DESKTOP\ARMYENGINE\ARMYBATTLE\RELEASE\WORLDOBJECT.OBJ
C:\USERS\BENZAP\DESKTOP\ARMYENGINE\ARMYBATTLE\RELEASE\WORLD.OBJ
C:\USERS\BENZAP\DESKTOP\ARMYENGINE\ARMYBATTLE\RELEASE\VICTORY.OBJ
C:\USERS\BENZAP\DESKTOP\ARMYENGINE\ARMYBATTLE\RELEASE\UNIT.OBJ
C:\USERS\BENZAP\DESKTOP\ARMYENGINE\ARMYBATTLE\RELEASE\STATUSLOG.OBJ
C:\USERS\BENZAP\DESKTOP\ARMYENGINE\ARMYBATTLE\RELEASE\STATUSBAR.OBJ
C:\USERS\BENZAP\DESKTOP\ARMYENGINE\ARMYBATTLE\RELEASE\SCOREBOARD.OBJ
C:\USERS\BENZAP\DESKTOP\ARMYENGINE\ARMYBATTLE\RELEASE\MOUSECURSOR.OBJ
C:\USERS\BENZAP\DESKTOP\ARMYENGINE\ARMYBATTLE\RELEASE\MENU.OBJ
C:\USERS\BENZAP\DESKTOP\ARMYENGINE\ARMYBATTLE\RELEASE\MAIN.OBJ
C:\USERS\BENZAP\DESKTOP\ARMYENGINE\ARMYBATTLE\RELEASE\HUDELEMENT.OBJ
C:\USERS\BENZAP\DESKTOP\ARMYENGINE\ARMYBATTLE\RELEASE\HOMEBASEUNIT.OBJ
C:\USERS\BENZAP\DESKTOP\ARMYENGINE\ARMYBATTLE\RELEASE\HELPSCREEN.OBJ
C:\USERS\BENZAP\DESKTOP\ARMYENGINE\ARMYBATTLE\RELEASE\FIRINGDANGERZONE.OBJ
C:\USERS\BENZAP\DESKTOP\ARMYENGINE\ARMYBATTLE\RELEASE\DRONEUNIT.OBJ
C:\USERS\BENZAP\DESKTOP\ARMYENGINE\ARMYBATTLE\RELEASE\BUTTON.OBJ
C:\USERS\BENZAP\DESKTOP\ARMYENGINE\ARMYBATTLE\RELEASE\ARMYBATTLESTATEMACHINE.OBJ
C:\USERS\BENZAP\DESKTOP\ARMYENGINE\ARMYBATTLE\RELEASE\ARMYBATTLE.OBJ
C:\USERS\BENZAP\DESKTOP\ARMYENGINE\ARMYBATTLE\RELEASE\AB_UTILITIES.OBJ
C:\USERS\BENZAP\DESKTOP\ARMYENGINE\RELEASE\ARMYBATTLE.EXE
C:\USERS\BENZAP\DESKTOP\ARMYENGINE\RELEASE\ARMYBATTLE.PDB
C:\Users\benzap\Desktop\armyengine\armyBattle\Release\AB_Utilities.obj
C:\Users\benzap\Desktop\armyengine\armyBattle\Release\ArmyBattle.obj
C:\Users\benzap\Desktop\armyengine\armyBattle\Release\ArmyBattleStateMachine.obj
C:\Users\benzap\Desktop\armyengine\armyBattle\Release\Button.obj
C:\Users\benzap\Desktop\armyengine\armyBattle\Release\DroneUnit.obj
C:\Users\benzap\Desktop\armyengine\armyBattle\Release\FiringDangerZone.obj
C:\Users\benzap\Desktop\armyengine\armyBattle\Release\HelpScreen.obj
C:\Users\benzap\Desktop\armyengine\armyBattle\Release\HomebaseUnit.obj
C:\Users\benzap\Desktop\armyengine\armyBattle\Release\HUDElement.obj
C:\Users\benzap\Desktop\armyengine\armyBattle\Release\Main.obj
C:\Users\benzap\Desktop\armyengine\armyBattle\Release\Menu.obj
C:\Users\benzap\Desktop\armyengine\armyBattle\Release\MouseCursor.obj
C:\Users\benzap\Desktop\armyengine\armyBattle\Release\ScoreBoard.obj
C:\Users\benzap\Desktop\armyengine\armyBattle\Release\StatusBar.obj
C:\Users\benzap\Desktop\armyengine\armyBattle\Release\StatusLog.obj
C:\Users\benzap\Desktop\armyengine\armyBattle\Release\Unit.obj
C:\Users\benzap\Desktop\armyengine\armyBattle\Release\Victory.obj
C:\Users\benzap\Desktop\armyengine\armyBattle\Release\World.obj
C:\Users\benzap\Desktop\armyengine\armyBattle\Release\WorldObject.obj
C:\Users\benzap\Desktop\armyengine\armyBattle\Release\cl.command.1.tlog
C:\Users\benzap\Desktop\armyengine\armyBattle\Release\CL.read.1.tlog
C:\Users\benzap\Desktop\armyengine\armyBattle\Release\CL.write.1.tlog
C:\Users\benzap\Desktop\armyengine\armyBattle\Release\link-cvtres.read.1.tlog
C:\Users\benzap\Desktop\armyengine\armyBattle\Release\link-cvtres.write.1.tlog
C:\Users\benzap\Desktop\armyengine\armyBattle\Release\link-rc.read.1.tlog
C:\Users\benzap\Desktop\armyengine\armyBattle\Release\link-rc.write.1.tlog
C:\Users\benzap\Desktop\armyengine\armyBattle\Release\link.command.1.tlog
C:\Users\benzap\Desktop\armyengine\armyBattle\Release\link.read.1.tlog
C:\Users\benzap\Desktop\armyengine\armyBattle\Release\link.write.1.tlog
C:\Users\benzap\Desktop\armyengine\Release\armyBattle.pdb
C:\Users\benzap\Desktop\armyengine\Release\armyBattle.exe
