C:\USERS\BENZAP\DESKTOP\ARMYENGINE\LIBARMYENGINE\RELEASE\SHAPEMANAGER.OBJ
C:\USERS\BENZAP\DESKTOP\ARMYENGINE\LIBARMYENGINE\RELEASE\SHAPECOMPONENT.OBJ
C:\USERS\BENZAP\DESKTOP\ARMYENGINE\LIBARMYENGINE\RELEASE\POSITIONCOMPONENT.OBJ
C:\USERS\BENZAP\DESKTOP\ARMYENGINE\LIBARMYENGINE\RELEASE\MAINENTITY.OBJ
C:\USERS\BENZAP\DESKTOP\ARMYENGINE\LIBARMYENGINE\RELEASE\INPUTSYSTEM.OBJ
C:\USERS\BENZAP\DESKTOP\ARMYENGINE\LIBARMYENGINE\RELEASE\INPUTCOMPONENT.OBJ
C:\USERS\BENZAP\DESKTOP\ARMYENGINE\LIBARMYENGINE\RELEASE\HEALTHCOMPONENT.OBJ
C:\USERS\BENZAP\DESKTOP\ARMYENGINE\LIBARMYENGINE\RELEASE\EVENTSYSTEM.OBJ
C:\USERS\BENZAP\DESKTOP\ARMYENGINE\LIBARMYENGINE\RELEASE\EVENTMANAGER.OBJ
C:\USERS\BENZAP\DESKTOP\ARMYENGINE\LIBARMYENGINE\RELEASE\ENTITYMANAGER.OBJ
C:\USERS\BENZAP\DESKTOP\ARMYENGINE\LIBARMYENGINE\RELEASE\ENTITYFACTORY.OBJ
C:\USERS\BENZAP\DESKTOP\ARMYENGINE\LIBARMYENGINE\RELEASE\COMPONENTFACTORY.OBJ
C:\USERS\BENZAP\DESKTOP\ARMYENGINE\LIBARMYENGINE\RELEASE\COLLISIONSYSTEM.OBJ
C:\USERS\BENZAP\DESKTOP\ARMYENGINE\LIBARMYENGINE\RELEASE\COLLISIONMANAGER.OBJ
C:\USERS\BENZAP\DESKTOP\ARMYENGINE\LIBARMYENGINE\RELEASE\COLLISIONCOMPONENT.OBJ
C:\USERS\BENZAP\DESKTOP\ARMYENGINE\LIBARMYENGINE\RELEASE\CALLBACKMANAGER.OBJ
C:\USERS\BENZAP\DESKTOP\ARMYENGINE\LIBARMYENGINE\RELEASE\ARMYENGINE.OBJ
C:\USERS\BENZAP\DESKTOP\ARMYENGINE\LIBARMYENGINE\RELEASE\ABSTRACTSYSTEM.OBJ
C:\USERS\BENZAP\DESKTOP\ARMYENGINE\LIBARMYENGINE\RELEASE\ABSTRACTENTITY.OBJ
C:\USERS\BENZAP\DESKTOP\ARMYENGINE\LIBARMYENGINE\RELEASE\ABSTRACTCOMPONENT.OBJ
C:\USERS\BENZAP\DESKTOP\ARMYENGINE\LIBARMYENGINE\RELEASE\TEXTUREMANAGER.OBJ
C:\USERS\BENZAP\DESKTOP\ARMYENGINE\LIBARMYENGINE\RELEASE\TEXTMANAGER.OBJ
C:\USERS\BENZAP\DESKTOP\ARMYENGINE\LIBARMYENGINE\RELEASE\TEXTCOMPONENT.OBJ
C:\USERS\BENZAP\DESKTOP\ARMYENGINE\LIBARMYENGINE\RELEASE\SYSTEMMANAGER.OBJ
C:\USERS\BENZAP\DESKTOP\ARMYENGINE\LIBARMYENGINE\RELEASE\STATESYSTEM.OBJ
C:\USERS\BENZAP\DESKTOP\ARMYENGINE\LIBARMYENGINE\RELEASE\STATEMANAGER.OBJ
C:\USERS\BENZAP\DESKTOP\ARMYENGINE\LIBARMYENGINE\RELEASE\STATECOMPONENT.OBJ
C:\USERS\BENZAP\DESKTOP\ARMYENGINE\LIBARMYENGINE\RELEASE\SPRITESYSTEM.OBJ
C:\USERS\BENZAP\DESKTOP\ARMYENGINE\LIBARMYENGINE\RELEASE\SPRITEMANAGER.OBJ
C:\USERS\BENZAP\DESKTOP\ARMYENGINE\LIBARMYENGINE\RELEASE\SPRITECOMPONENT.OBJ
C:\USERS\BENZAP\DESKTOP\ARMYENGINE\LIBARMYENGINE\RELEASE\AE_UTILITIES.OBJ
C:\USERS\BENZAP\DESKTOP\ARMYENGINE\RELEASE\LIBARMYENGINE.LIB
C:\Users\benzap\Desktop\armyengine\libarmyengine\Release\AbstractComponent.obj
C:\Users\benzap\Desktop\armyengine\libarmyengine\Release\AbstractEntity.obj
C:\Users\benzap\Desktop\armyengine\libarmyengine\Release\AbstractSystem.obj
C:\Users\benzap\Desktop\armyengine\libarmyengine\Release\AE_Utilities.obj
C:\Users\benzap\Desktop\armyengine\libarmyengine\Release\ArmyEngine.obj
C:\Users\benzap\Desktop\armyengine\libarmyengine\Release\CallbackManager.obj
C:\Users\benzap\Desktop\armyengine\libarmyengine\Release\CollisionComponent.obj
C:\Users\benzap\Desktop\armyengine\libarmyengine\Release\CollisionManager.obj
C:\Users\benzap\Desktop\armyengine\libarmyengine\Release\CollisionSystem.obj
C:\Users\benzap\Desktop\armyengine\libarmyengine\Release\ComponentFactory.obj
C:\Users\benzap\Desktop\armyengine\libarmyengine\Release\EntityFactory.obj
C:\Users\benzap\Desktop\armyengine\libarmyengine\Release\EntityManager.obj
C:\Users\benzap\Desktop\armyengine\libarmyengine\Release\EventManager.obj
C:\Users\benzap\Desktop\armyengine\libarmyengine\Release\EventSystem.obj
C:\Users\benzap\Desktop\armyengine\libarmyengine\Release\HealthComponent.obj
C:\Users\benzap\Desktop\armyengine\libarmyengine\Release\InputComponent.obj
C:\Users\benzap\Desktop\armyengine\libarmyengine\Release\InputSystem.obj
C:\Users\benzap\Desktop\armyengine\libarmyengine\Release\MainEntity.obj
C:\Users\benzap\Desktop\armyengine\libarmyengine\Release\PositionComponent.obj
C:\Users\benzap\Desktop\armyengine\libarmyengine\Release\ShapeComponent.obj
C:\Users\benzap\Desktop\armyengine\libarmyengine\Release\ShapeManager.obj
C:\Users\benzap\Desktop\armyengine\libarmyengine\Release\SpriteComponent.obj
C:\Users\benzap\Desktop\armyengine\libarmyengine\Release\SpriteManager.obj
C:\Users\benzap\Desktop\armyengine\libarmyengine\Release\SpriteSystem.obj
C:\Users\benzap\Desktop\armyengine\libarmyengine\Release\StateComponent.obj
C:\Users\benzap\Desktop\armyengine\libarmyengine\Release\StateManager.obj
C:\Users\benzap\Desktop\armyengine\libarmyengine\Release\StateSystem.obj
C:\Users\benzap\Desktop\armyengine\libarmyengine\Release\SystemManager.obj
C:\Users\benzap\Desktop\armyengine\libarmyengine\Release\TextComponent.obj
C:\Users\benzap\Desktop\armyengine\libarmyengine\Release\TextManager.obj
C:\Users\benzap\Desktop\armyengine\libarmyengine\Release\TextureManager.obj
C:\Users\benzap\Desktop\armyengine\libarmyengine\Release\cl.command.1.tlog
C:\Users\benzap\Desktop\armyengine\libarmyengine\Release\CL.read.1.tlog
C:\Users\benzap\Desktop\armyengine\libarmyengine\Release\CL.write.1.tlog
C:\Users\benzap\Desktop\armyengine\libarmyengine\Release\Lib-link.read.1.tlog
C:\Users\benzap\Desktop\armyengine\libarmyengine\Release\Lib-link.write.1.tlog
C:\Users\benzap\Desktop\armyengine\libarmyengine\Release\lib.command.1.tlog
C:\Users\benzap\Desktop\armyengine\Release\libarmyengine.lib
