C:\USERS\BENZAP\DOCUMENTS\VISUAL STUDIO 2012\PROJECTS\ARMYBATTLE\LIBARMYENGINE\RELEASE-LOGGING\SHAPEMANAGER.OBJ
C:\USERS\BENZAP\DOCUMENTS\VISUAL STUDIO 2012\PROJECTS\ARMYBATTLE\LIBARMYENGINE\RELEASE-LOGGING\SHAPECOMPONENT.OBJ
C:\USERS\BENZAP\DOCUMENTS\VISUAL STUDIO 2012\PROJECTS\ARMYBATTLE\LIBARMYENGINE\RELEASE-LOGGING\POSITIONCOMPONENT.OBJ
C:\USERS\BENZAP\DOCUMENTS\VISUAL STUDIO 2012\PROJECTS\ARMYBATTLE\LIBARMYENGINE\RELEASE-LOGGING\MAINENTITY.OBJ
C:\USERS\BENZAP\DOCUMENTS\VISUAL STUDIO 2012\PROJECTS\ARMYBATTLE\LIBARMYENGINE\RELEASE-LOGGING\INPUTSYSTEM.OBJ
C:\USERS\BENZAP\DOCUMENTS\VISUAL STUDIO 2012\PROJECTS\ARMYBATTLE\LIBARMYENGINE\RELEASE-LOGGING\INPUTCOMPONENT.OBJ
C:\USERS\BENZAP\DOCUMENTS\VISUAL STUDIO 2012\PROJECTS\ARMYBATTLE\LIBARMYENGINE\RELEASE-LOGGING\HEALTHCOMPONENT.OBJ
C:\USERS\BENZAP\DOCUMENTS\VISUAL STUDIO 2012\PROJECTS\ARMYBATTLE\LIBARMYENGINE\RELEASE-LOGGING\EVENTSYSTEM.OBJ
C:\USERS\BENZAP\DOCUMENTS\VISUAL STUDIO 2012\PROJECTS\ARMYBATTLE\LIBARMYENGINE\RELEASE-LOGGING\EVENTMANAGER.OBJ
C:\USERS\BENZAP\DOCUMENTS\VISUAL STUDIO 2012\PROJECTS\ARMYBATTLE\LIBARMYENGINE\RELEASE-LOGGING\ENTITYMANAGER.OBJ
C:\USERS\BENZAP\DOCUMENTS\VISUAL STUDIO 2012\PROJECTS\ARMYBATTLE\LIBARMYENGINE\RELEASE-LOGGING\ENTITYFACTORY.OBJ
C:\USERS\BENZAP\DOCUMENTS\VISUAL STUDIO 2012\PROJECTS\ARMYBATTLE\LIBARMYENGINE\RELEASE-LOGGING\COMPONENTFACTORY.OBJ
C:\USERS\BENZAP\DOCUMENTS\VISUAL STUDIO 2012\PROJECTS\ARMYBATTLE\LIBARMYENGINE\RELEASE-LOGGING\COLLISIONSYSTEM.OBJ
C:\USERS\BENZAP\DOCUMENTS\VISUAL STUDIO 2012\PROJECTS\ARMYBATTLE\LIBARMYENGINE\RELEASE-LOGGING\COLLISIONMANAGER.OBJ
C:\USERS\BENZAP\DOCUMENTS\VISUAL STUDIO 2012\PROJECTS\ARMYBATTLE\LIBARMYENGINE\RELEASE-LOGGING\COLLISIONCOMPONENT.OBJ
C:\USERS\BENZAP\DOCUMENTS\VISUAL STUDIO 2012\PROJECTS\ARMYBATTLE\LIBARMYENGINE\RELEASE-LOGGING\CALLBACKMANAGER.OBJ
C:\USERS\BENZAP\DOCUMENTS\VISUAL STUDIO 2012\PROJECTS\ARMYBATTLE\LIBARMYENGINE\RELEASE-LOGGING\ARMYENGINE.OBJ
C:\USERS\BENZAP\DOCUMENTS\VISUAL STUDIO 2012\PROJECTS\ARMYBATTLE\LIBARMYENGINE\RELEASE-LOGGING\ABSTRACTSYSTEM.OBJ
C:\USERS\BENZAP\DOCUMENTS\VISUAL STUDIO 2012\PROJECTS\ARMYBATTLE\LIBARMYENGINE\RELEASE-LOGGING\ABSTRACTENTITY.OBJ
C:\USERS\BENZAP\DOCUMENTS\VISUAL STUDIO 2012\PROJECTS\ARMYBATTLE\LIBARMYENGINE\RELEASE-LOGGING\ABSTRACTCOMPONENT.OBJ
C:\USERS\BENZAP\DOCUMENTS\VISUAL STUDIO 2012\PROJECTS\ARMYBATTLE\LIBARMYENGINE\RELEASE-LOGGING\TEXTUREMANAGER.OBJ
C:\USERS\BENZAP\DOCUMENTS\VISUAL STUDIO 2012\PROJECTS\ARMYBATTLE\LIBARMYENGINE\RELEASE-LOGGING\TEXTMANAGER.OBJ
C:\USERS\BENZAP\DOCUMENTS\VISUAL STUDIO 2012\PROJECTS\ARMYBATTLE\LIBARMYENGINE\RELEASE-LOGGING\TEXTCOMPONENT.OBJ
C:\USERS\BENZAP\DOCUMENTS\VISUAL STUDIO 2012\PROJECTS\ARMYBATTLE\LIBARMYENGINE\RELEASE-LOGGING\SYSTEMMANAGER.OBJ
C:\USERS\BENZAP\DOCUMENTS\VISUAL STUDIO 2012\PROJECTS\ARMYBATTLE\LIBARMYENGINE\RELEASE-LOGGING\STATESYSTEM.OBJ
C:\USERS\BENZAP\DOCUMENTS\VISUAL STUDIO 2012\PROJECTS\ARMYBATTLE\LIBARMYENGINE\RELEASE-LOGGING\STATEMANAGER.OBJ
C:\USERS\BENZAP\DOCUMENTS\VISUAL STUDIO 2012\PROJECTS\ARMYBATTLE\LIBARMYENGINE\RELEASE-LOGGING\STATECOMPONENT.OBJ
C:\USERS\BENZAP\DOCUMENTS\VISUAL STUDIO 2012\PROJECTS\ARMYBATTLE\LIBARMYENGINE\RELEASE-LOGGING\SPRITESYSTEM.OBJ
C:\USERS\BENZAP\DOCUMENTS\VISUAL STUDIO 2012\PROJECTS\ARMYBATTLE\LIBARMYENGINE\RELEASE-LOGGING\SPRITEMANAGER.OBJ
C:\USERS\BENZAP\DOCUMENTS\VISUAL STUDIO 2012\PROJECTS\ARMYBATTLE\LIBARMYENGINE\RELEASE-LOGGING\SPRITECOMPONENT.OBJ
C:\USERS\BENZAP\DOCUMENTS\VISUAL STUDIO 2012\PROJECTS\ARMYBATTLE\LIBARMYENGINE\RELEASE-LOGGING\AE_UTILITIES.OBJ
C:\USERS\BENZAP\DOCUMENTS\VISUAL STUDIO 2012\PROJECTS\ARMYBATTLE\LIBARMYENGINE\RELEASE-LOGGING\VC110.PDB
C:\USERS\BENZAP\DOCUMENTS\VISUAL STUDIO 2012\PROJECTS\ARMYBATTLE\RELEASE-LOGGING\LIBARMYENGINE.LIB
C:\Users\benzap\documents\visual studio 2012\Projects\armyBattle\libarmyengine\Release-Logging\AbstractComponent.obj
C:\Users\benzap\documents\visual studio 2012\Projects\armyBattle\libarmyengine\Release-Logging\AbstractEntity.obj
C:\Users\benzap\documents\visual studio 2012\Projects\armyBattle\libarmyengine\Release-Logging\AbstractSystem.obj
C:\Users\benzap\documents\visual studio 2012\Projects\armyBattle\libarmyengine\Release-Logging\AE_Utilities.obj
C:\Users\benzap\documents\visual studio 2012\Projects\armyBattle\libarmyengine\Release-Logging\ArmyEngine.obj
C:\Users\benzap\documents\visual studio 2012\Projects\armyBattle\libarmyengine\Release-Logging\CallbackManager.obj
C:\Users\benzap\documents\visual studio 2012\Projects\armyBattle\libarmyengine\Release-Logging\CollisionComponent.obj
C:\Users\benzap\documents\visual studio 2012\Projects\armyBattle\libarmyengine\Release-Logging\CollisionManager.obj
C:\Users\benzap\documents\visual studio 2012\Projects\armyBattle\libarmyengine\Release-Logging\CollisionSystem.obj
C:\Users\benzap\documents\visual studio 2012\Projects\armyBattle\libarmyengine\Release-Logging\ComponentFactory.obj
C:\Users\benzap\documents\visual studio 2012\Projects\armyBattle\libarmyengine\Release-Logging\EntityFactory.obj
C:\Users\benzap\documents\visual studio 2012\Projects\armyBattle\libarmyengine\Release-Logging\EntityManager.obj
C:\Users\benzap\documents\visual studio 2012\Projects\armyBattle\libarmyengine\Release-Logging\EventManager.obj
C:\Users\benzap\documents\visual studio 2012\Projects\armyBattle\libarmyengine\Release-Logging\EventSystem.obj
C:\Users\benzap\documents\visual studio 2012\Projects\armyBattle\libarmyengine\Release-Logging\HealthComponent.obj
C:\Users\benzap\documents\visual studio 2012\Projects\armyBattle\libarmyengine\Release-Logging\InputComponent.obj
C:\Users\benzap\documents\visual studio 2012\Projects\armyBattle\libarmyengine\Release-Logging\InputSystem.obj
C:\Users\benzap\documents\visual studio 2012\Projects\armyBattle\libarmyengine\Release-Logging\MainEntity.obj
C:\Users\benzap\documents\visual studio 2012\Projects\armyBattle\libarmyengine\Release-Logging\PositionComponent.obj
C:\Users\benzap\documents\visual studio 2012\Projects\armyBattle\libarmyengine\Release-Logging\ShapeComponent.obj
C:\Users\benzap\documents\visual studio 2012\Projects\armyBattle\libarmyengine\Release-Logging\ShapeManager.obj
C:\Users\benzap\documents\visual studio 2012\Projects\armyBattle\libarmyengine\Release-Logging\SpriteComponent.obj
C:\Users\benzap\documents\visual studio 2012\Projects\armyBattle\libarmyengine\Release-Logging\SpriteManager.obj
C:\Users\benzap\documents\visual studio 2012\Projects\armyBattle\libarmyengine\Release-Logging\SpriteSystem.obj
C:\Users\benzap\documents\visual studio 2012\Projects\armyBattle\libarmyengine\Release-Logging\StateComponent.obj
C:\Users\benzap\documents\visual studio 2012\Projects\armyBattle\libarmyengine\Release-Logging\StateManager.obj
C:\Users\benzap\documents\visual studio 2012\Projects\armyBattle\libarmyengine\Release-Logging\StateSystem.obj
C:\Users\benzap\documents\visual studio 2012\Projects\armyBattle\libarmyengine\Release-Logging\SystemManager.obj
C:\Users\benzap\documents\visual studio 2012\Projects\armyBattle\libarmyengine\Release-Logging\TextComponent.obj
C:\Users\benzap\documents\visual studio 2012\Projects\armyBattle\libarmyengine\Release-Logging\TextManager.obj
C:\Users\benzap\documents\visual studio 2012\Projects\armyBattle\libarmyengine\Release-Logging\TextureManager.obj
C:\Users\benzap\documents\visual studio 2012\Projects\armyBattle\libarmyengine\Release-Logging\cl.command.1.tlog
C:\Users\benzap\documents\visual studio 2012\Projects\armyBattle\libarmyengine\Release-Logging\CL.read.1.tlog
C:\Users\benzap\documents\visual studio 2012\Projects\armyBattle\libarmyengine\Release-Logging\CL.write.1.tlog
C:\Users\benzap\documents\visual studio 2012\Projects\armyBattle\libarmyengine\Release-Logging\Lib-link.read.1.tlog
C:\Users\benzap\documents\visual studio 2012\Projects\armyBattle\libarmyengine\Release-Logging\Lib-link.write.1.tlog
C:\Users\benzap\documents\visual studio 2012\Projects\armyBattle\libarmyengine\Release-Logging\lib.command.1.tlog
C:\Users\benzap\documents\visual studio 2012\Projects\armyBattle\libarmyengine\Release-Logging\vc110.pdb
C:\Users\benzap\documents\visual studio 2012\Projects\armyBattle\Release-Logging\libarmyengine.lib
