\BOOKMARK [0][-]{chapter.1}{\376\377\000H\000i\000e\000r\000a\000r\000c\000h\000i\000c\000a\000l\000\040\000I\000n\000d\000e\000x}{}% 1
\BOOKMARK [1][-]{section.1.1}{\376\377\000C\000l\000a\000s\000s\000\040\000H\000i\000e\000r\000a\000r\000c\000h\000y}{chapter.1}% 2
\BOOKMARK [0][-]{chapter.2}{\376\377\000C\000l\000a\000s\000s\000\040\000I\000n\000d\000e\000x}{}% 3
\BOOKMARK [1][-]{section.2.1}{\376\377\000C\000l\000a\000s\000s\000\040\000L\000i\000s\000t}{chapter.2}% 4
\BOOKMARK [0][-]{chapter.3}{\376\377\000F\000i\000l\000e\000\040\000I\000n\000d\000e\000x}{}% 5
\BOOKMARK [1][-]{section.3.1}{\376\377\000F\000i\000l\000e\000\040\000L\000i\000s\000t}{chapter.3}% 6
\BOOKMARK [0][-]{chapter.4}{\376\377\000C\000l\000a\000s\000s\000\040\000D\000o\000c\000u\000m\000e\000n\000t\000a\000t\000i\000o\000n}{}% 7
\BOOKMARK [1][-]{section.4.1}{\376\377\000A\000b\000s\000t\000r\000a\000c\000t\000C\000o\000m\000p\000o\000n\000e\000n\000t\000\040\000C\000l\000a\000s\000s\000\040\000R\000e\000f\000e\000r\000e\000n\000c\000e}{chapter.4}% 8
\BOOKMARK [2][-]{subsection.4.1.1}{\376\377\000D\000e\000t\000a\000i\000l\000e\000d\000\040\000D\000e\000s\000c\000r\000i\000p\000t\000i\000o\000n}{section.4.1}% 9
\BOOKMARK [2][-]{subsection.4.1.2}{\376\377\000M\000e\000m\000b\000e\000r\000\040\000F\000u\000n\000c\000t\000i\000o\000n\000\040\000D\000o\000c\000u\000m\000e\000n\000t\000a\000t\000i\000o\000n}{section.4.1}% 10
\BOOKMARK [3][-]{subsubsection.4.1.2.1}{\376\377\000g\000e\000t\000A\000t\000t\000r\000i\000b\000u\000t\000e}{subsection.4.1.2}% 11
\BOOKMARK [3][-]{subsubsection.4.1.2.2}{\376\377\000g\000e\000t\000A\000t\000t\000r\000i\000b\000u\000t\000e\000\137\000f\000l\000o\000a\000t}{subsection.4.1.2}% 12
\BOOKMARK [3][-]{subsubsection.4.1.2.3}{\376\377\000g\000e\000t\000A\000t\000t\000r\000i\000b\000u\000t\000e\000\137\000f\000l\000o\000a\000t\000A\000r\000r\000a\000y}{subsection.4.1.2}% 13
\BOOKMARK [3][-]{subsubsection.4.1.2.4}{\376\377\000g\000e\000t\000A\000t\000t\000r\000i\000b\000u\000t\000e\000\137\000i\000n\000t}{subsection.4.1.2}% 14
\BOOKMARK [3][-]{subsubsection.4.1.2.5}{\376\377\000g\000e\000t\000A\000t\000t\000r\000i\000b\000u\000t\000e\000\137\000i\000n\000t\000A\000r\000r\000a\000y}{subsection.4.1.2}% 15
\BOOKMARK [3][-]{subsubsection.4.1.2.6}{\376\377\000g\000e\000t\000A\000t\000t\000r\000i\000b\000u\000t\000e\000\137\000s\000t\000r\000i\000n\000g}{subsection.4.1.2}% 16
\BOOKMARK [3][-]{subsubsection.4.1.2.7}{\376\377\000g\000e\000t\000A\000t\000t\000r\000i\000b\000u\000t\000e\000T\000y\000p\000e}{subsection.4.1.2}% 17
\BOOKMARK [3][-]{subsubsection.4.1.2.8}{\376\377\000g\000e\000t\000N\000a\000m\000e}{subsection.4.1.2}% 18
\BOOKMARK [3][-]{subsubsection.4.1.2.9}{\376\377\000h\000a\000s\000A\000t\000t\000r\000i\000b\000u\000t\000e}{subsection.4.1.2}% 19
\BOOKMARK [3][-]{subsubsection.4.1.2.10}{\376\377\000s\000e\000t\000A\000t\000t\000r\000i\000b\000u\000t\000e\000\137\000f\000l\000o\000a\000t}{subsection.4.1.2}% 20
\BOOKMARK [3][-]{subsubsection.4.1.2.11}{\376\377\000s\000e\000t\000A\000t\000t\000r\000i\000b\000u\000t\000e\000\137\000f\000l\000o\000a\000t\000A\000r\000r\000a\000y}{subsection.4.1.2}% 21
\BOOKMARK [3][-]{subsubsection.4.1.2.12}{\376\377\000s\000e\000t\000A\000t\000t\000r\000i\000b\000u\000t\000e\000\137\000i\000n\000t}{subsection.4.1.2}% 22
\BOOKMARK [3][-]{subsubsection.4.1.2.13}{\376\377\000s\000e\000t\000A\000t\000t\000r\000i\000b\000u\000t\000e\000\137\000i\000n\000t\000A\000r\000r\000a\000y}{subsection.4.1.2}% 23
\BOOKMARK [3][-]{subsubsection.4.1.2.14}{\376\377\000s\000e\000t\000A\000t\000t\000r\000i\000b\000u\000t\000e\000\137\000s\000t\000r\000i\000n\000g}{subsection.4.1.2}% 24
\BOOKMARK [3][-]{subsubsection.4.1.2.15}{\376\377\000u\000p\000d\000a\000t\000e}{subsection.4.1.2}% 25
\BOOKMARK [1][-]{section.4.2}{\376\377\000A\000b\000s\000t\000r\000a\000c\000t\000E\000n\000t\000i\000t\000y\000\040\000C\000l\000a\000s\000s\000\040\000R\000e\000f\000e\000r\000e\000n\000c\000e}{chapter.4}% 26
\BOOKMARK [2][-]{subsection.4.2.1}{\376\377\000D\000e\000t\000a\000i\000l\000e\000d\000\040\000D\000e\000s\000c\000r\000i\000p\000t\000i\000o\000n}{section.4.2}% 27
\BOOKMARK [2][-]{subsection.4.2.2}{\376\377\000M\000e\000m\000b\000e\000r\000\040\000F\000u\000n\000c\000t\000i\000o\000n\000\040\000D\000o\000c\000u\000m\000e\000n\000t\000a\000t\000i\000o\000n}{section.4.2}% 28
\BOOKMARK [3][-]{subsubsection.4.2.2.1}{\376\377\000a\000d\000d\000C\000o\000m\000p\000o\000n\000e\000n\000t}{subsection.4.2.2}% 29
\BOOKMARK [3][-]{subsubsection.4.2.2.2}{\376\377\000g\000e\000t\000A\000l\000l\000C\000o\000m\000p\000o\000n\000e\000n\000t\000s}{subsection.4.2.2}% 30
\BOOKMARK [3][-]{subsubsection.4.2.2.3}{\376\377\000g\000e\000t\000C\000o\000m\000p\000o\000n\000e\000n\000t\000B\000y\000N\000a\000m\000e}{subsection.4.2.2}% 31
\BOOKMARK [3][-]{subsubsection.4.2.2.4}{\376\377\000g\000e\000t\000C\000o\000m\000p\000o\000n\000e\000n\000t\000s\000B\000y\000F\000a\000m\000i\000l\000y}{subsection.4.2.2}% 32
\BOOKMARK [3][-]{subsubsection.4.2.2.5}{\376\377\000g\000e\000t\000F\000a\000m\000i\000l\000y}{subsection.4.2.2}% 33
\BOOKMARK [3][-]{subsubsection.4.2.2.6}{\376\377\000g\000e\000t\000I\000D}{subsection.4.2.2}% 34
\BOOKMARK [3][-]{subsubsection.4.2.2.7}{\376\377\000g\000e\000t\000N\000a\000m\000e}{subsection.4.2.2}% 35
\BOOKMARK [3][-]{subsubsection.4.2.2.8}{\376\377\000h\000a\000n\000d\000l\000e}{subsection.4.2.2}% 36
\BOOKMARK [3][-]{subsubsection.4.2.2.9}{\376\377\000h\000a\000s\000C\000o\000m\000p\000o\000n\000e\000n\000t\000F\000a\000m\000i\000l\000y}{subsection.4.2.2}% 37
\BOOKMARK [3][-]{subsubsection.4.2.2.10}{\376\377\000h\000a\000s\000C\000o\000m\000p\000o\000n\000e\000n\000t\000N\000a\000m\000e}{subsection.4.2.2}% 38
\BOOKMARK [1][-]{section.4.3}{\376\377\000A\000b\000s\000t\000r\000a\000c\000t\000S\000y\000s\000t\000e\000m\000\040\000C\000l\000a\000s\000s\000\040\000R\000e\000f\000e\000r\000e\000n\000c\000e}{chapter.4}% 39
\BOOKMARK [2][-]{subsection.4.3.1}{\376\377\000D\000e\000t\000a\000i\000l\000e\000d\000\040\000D\000e\000s\000c\000r\000i\000p\000t\000i\000o\000n}{section.4.3}% 40
\BOOKMARK [2][-]{subsection.4.3.2}{\376\377\000M\000e\000m\000b\000e\000r\000\040\000F\000u\000n\000c\000t\000i\000o\000n\000\040\000D\000o\000c\000u\000m\000e\000n\000t\000a\000t\000i\000o\000n}{section.4.3}% 41
\BOOKMARK [3][-]{subsubsection.4.3.2.1}{\376\377\000g\000e\000t\000N\000a\000m\000e}{subsection.4.3.2}% 42
\BOOKMARK [3][-]{subsubsection.4.3.2.2}{\376\377\000p\000r\000o\000c\000e\000s\000s}{subsection.4.3.2}% 43
\BOOKMARK [1][-]{section.4.4}{\376\377\000A\000r\000m\000y\000E\000n\000g\000i\000n\000e\000\040\000C\000l\000a\000s\000s\000\040\000R\000e\000f\000e\000r\000e\000n\000c\000e}{chapter.4}% 44
\BOOKMARK [2][-]{subsection.4.4.1}{\376\377\000D\000e\000t\000a\000i\000l\000e\000d\000\040\000D\000e\000s\000c\000r\000i\000p\000t\000i\000o\000n}{section.4.4}% 45
\BOOKMARK [2][-]{subsection.4.4.2}{\376\377\000M\000e\000m\000b\000e\000r\000\040\000F\000u\000n\000c\000t\000i\000o\000n\000\040\000D\000o\000c\000u\000m\000e\000n\000t\000a\000t\000i\000o\000n}{section.4.4}% 46
\BOOKMARK [3][-]{subsubsection.4.4.2.1}{\376\377\000g\000e\000t\000I\000n\000s\000t\000a\000n\000c\000e}{subsection.4.4.2}% 47
\BOOKMARK [1][-]{section.4.5}{\376\377\000a\000t\000t\000r\000i\000b\000u\000t\000e\000\137\000s\000t\000r\000u\000c\000t\000\040\000S\000t\000r\000u\000c\000t\000\040\000R\000e\000f\000e\000r\000e\000n\000c\000e}{chapter.4}% 48
\BOOKMARK [2][-]{subsection.4.5.1}{\376\377\000D\000e\000t\000a\000i\000l\000e\000d\000\040\000D\000e\000s\000c\000r\000i\000p\000t\000i\000o\000n}{section.4.5}% 49
\BOOKMARK [1][-]{section.4.6}{\376\377\000a\000t\000t\000r\000i\000b\000u\000t\000e\000C\000o\000n\000t\000a\000i\000n\000e\000r\000\137\000u\000n\000i\000o\000n\000\040\000U\000n\000i\000o\000n\000\040\000R\000e\000f\000e\000r\000e\000n\000c\000e}{chapter.4}% 50
\BOOKMARK [2][-]{subsection.4.6.1}{\376\377\000D\000e\000t\000a\000i\000l\000e\000d\000\040\000D\000e\000s\000c\000r\000i\000p\000t\000i\000o\000n}{section.4.6}% 51
\BOOKMARK [1][-]{section.4.7}{\376\377\000C\000a\000l\000l\000b\000a\000c\000k\000F\000u\000n\000c\000t\000i\000o\000n\000W\000r\000a\000p\000p\000e\000r\000\040\000C\000l\000a\000s\000s\000\040\000R\000e\000f\000e\000r\000e\000n\000c\000e}{chapter.4}% 52
\BOOKMARK [2][-]{subsection.4.7.1}{\376\377\000D\000e\000t\000a\000i\000l\000e\000d\000\040\000D\000e\000s\000c\000r\000i\000p\000t\000i\000o\000n}{section.4.7}% 53
\BOOKMARK [2][-]{subsection.4.7.2}{\376\377\000M\000e\000m\000b\000e\000r\000\040\000F\000u\000n\000c\000t\000i\000o\000n\000\040\000D\000o\000c\000u\000m\000e\000n\000t\000a\000t\000i\000o\000n}{section.4.7}% 54
\BOOKMARK [3][-]{subsubsection.4.7.2.1}{\376\377\000o\000p\000e\000r\000a\000t\000o\000r\000\050\000\051}{subsection.4.7.2}% 55
\BOOKMARK [1][-]{section.4.8}{\376\377\000C\000a\000l\000l\000b\000a\000c\000k\000M\000a\000n\000a\000g\000e\000r\000\040\000C\000l\000a\000s\000s\000\040\000R\000e\000f\000e\000r\000e\000n\000c\000e}{chapter.4}% 56
\BOOKMARK [2][-]{subsection.4.8.1}{\376\377\000D\000e\000t\000a\000i\000l\000e\000d\000\040\000D\000e\000s\000c\000r\000i\000p\000t\000i\000o\000n}{section.4.8}% 57
\BOOKMARK [2][-]{subsection.4.8.2}{\376\377\000M\000e\000m\000b\000e\000r\000\040\000F\000u\000n\000c\000t\000i\000o\000n\000\040\000D\000o\000c\000u\000m\000e\000n\000t\000a\000t\000i\000o\000n}{section.4.8}% 58
\BOOKMARK [3][-]{subsubsection.4.8.2.1}{\376\377\000a\000d\000d\000C\000a\000l\000l\000b\000a\000c\000k}{subsection.4.8.2}% 59
\BOOKMARK [3][-]{subsubsection.4.8.2.2}{\376\377\000a\000d\000d\000C\000a\000l\000l\000b\000a\000c\000k}{subsection.4.8.2}% 60
\BOOKMARK [3][-]{subsubsection.4.8.2.3}{\376\377\000a\000d\000d\000C\000a\000l\000l\000b\000a\000c\000k}{subsection.4.8.2}% 61
\BOOKMARK [3][-]{subsubsection.4.8.2.4}{\376\377\000g\000e\000t\000I\000n\000s\000t\000a\000n\000c\000e}{subsection.4.8.2}% 62
\BOOKMARK [3][-]{subsubsection.4.8.2.5}{\376\377\000h\000a\000s\000C\000a\000l\000l\000b\000a\000c\000k}{subsection.4.8.2}% 63
\BOOKMARK [3][-]{subsubsection.4.8.2.6}{\376\377\000r\000e\000m\000o\000v\000e\000C\000a\000l\000l\000b\000a\000c\000k}{subsection.4.8.2}% 64
\BOOKMARK [3][-]{subsubsection.4.8.2.7}{\376\377\000t\000r\000i\000g\000g\000e\000r\000C\000a\000l\000l\000b\000a\000c\000k}{subsection.4.8.2}% 65
\BOOKMARK [1][-]{section.4.9}{\376\377\000C\000o\000l\000l\000i\000s\000i\000o\000n\000C\000o\000m\000p\000o\000n\000e\000n\000t\000\040\000C\000l\000a\000s\000s\000\040\000R\000e\000f\000e\000r\000e\000n\000c\000e}{chapter.4}% 66
\BOOKMARK [2][-]{subsection.4.9.1}{\376\377\000D\000e\000t\000a\000i\000l\000e\000d\000\040\000D\000e\000s\000c\000r\000i\000p\000t\000i\000o\000n}{section.4.9}% 67
\BOOKMARK [2][-]{subsection.4.9.2}{\376\377\000C\000o\000n\000s\000t\000r\000u\000c\000t\000o\000r\000\040\000\046\000\040\000D\000e\000s\000t\000r\000u\000c\000t\000o\000r\000\040\000D\000o\000c\000u\000m\000e\000n\000t\000a\000t\000i\000o\000n}{section.4.9}% 68
\BOOKMARK [3][-]{subsubsection.4.9.2.1}{\376\377\000C\000o\000l\000l\000i\000s\000i\000o\000n\000C\000o\000m\000p\000o\000n\000e\000n\000t}{subsection.4.9.2}% 69
\BOOKMARK [1][-]{section.4.10}{\376\377\000C\000o\000l\000l\000i\000s\000i\000o\000n\000M\000a\000n\000a\000g\000e\000r\000\040\000C\000l\000a\000s\000s\000\040\000R\000e\000f\000e\000r\000e\000n\000c\000e}{chapter.4}% 70
\BOOKMARK [2][-]{subsection.4.10.1}{\376\377\000D\000e\000t\000a\000i\000l\000e\000d\000\040\000D\000e\000s\000c\000r\000i\000p\000t\000i\000o\000n}{section.4.10}% 71
\BOOKMARK [2][-]{subsection.4.10.2}{\376\377\000M\000e\000m\000b\000e\000r\000\040\000F\000u\000n\000c\000t\000i\000o\000n\000\040\000D\000o\000c\000u\000m\000e\000n\000t\000a\000t\000i\000o\000n}{section.4.10}% 72
\BOOKMARK [3][-]{subsubsection.4.10.2.1}{\376\377\000a\000d\000d\000C\000a\000l\000l\000b\000a\000c\000k}{subsection.4.10.2}% 73
\BOOKMARK [3][-]{subsubsection.4.10.2.2}{\376\377\000g\000e\000t\000I\000n\000s\000t\000a\000n\000c\000e}{subsection.4.10.2}% 74
\BOOKMARK [3][-]{subsubsection.4.10.2.3}{\376\377\000h\000a\000s\000C\000a\000l\000l\000b\000a\000c\000k}{subsection.4.10.2}% 75
\BOOKMARK [3][-]{subsubsection.4.10.2.4}{\376\377\000h\000a\000s\000R\000e\000g\000i\000s\000t\000e\000r\000e\000d\000C\000o\000l\000l\000i\000s\000i\000o\000n}{subsection.4.10.2}% 76
\BOOKMARK [3][-]{subsubsection.4.10.2.5}{\376\377\000r\000e\000g\000i\000s\000t\000e\000r\000C\000o\000l\000l\000i\000s\000i\000o\000n}{subsection.4.10.2}% 77
\BOOKMARK [3][-]{subsubsection.4.10.2.6}{\376\377\000t\000r\000i\000g\000g\000e\000r\000C\000a\000l\000l\000b\000a\000c\000k}{subsection.4.10.2}% 78
\BOOKMARK [3][-]{subsubsection.4.10.2.7}{\376\377\000u\000n\000r\000e\000g\000i\000s\000t\000e\000r\000C\000o\000l\000l\000i\000s\000i\000o\000n}{subsection.4.10.2}% 79
\BOOKMARK [1][-]{section.4.11}{\376\377\000C\000o\000l\000l\000i\000s\000i\000o\000n\000S\000y\000s\000t\000e\000m\000\040\000C\000l\000a\000s\000s\000\040\000R\000e\000f\000e\000r\000e\000n\000c\000e}{chapter.4}% 80
\BOOKMARK [2][-]{subsection.4.11.1}{\376\377\000D\000e\000t\000a\000i\000l\000e\000d\000\040\000D\000e\000s\000c\000r\000i\000p\000t\000i\000o\000n}{section.4.11}% 81
\BOOKMARK [2][-]{subsection.4.11.2}{\376\377\000M\000e\000m\000b\000e\000r\000\040\000F\000u\000n\000c\000t\000i\000o\000n\000\040\000D\000o\000c\000u\000m\000e\000n\000t\000a\000t\000i\000o\000n}{section.4.11}% 82
\BOOKMARK [3][-]{subsubsection.4.11.2.1}{\376\377\000p\000r\000o\000c\000e\000s\000s}{subsection.4.11.2}% 83
\BOOKMARK [1][-]{section.4.12}{\376\377\000C\000o\000m\000p\000o\000n\000e\000n\000t\000F\000a\000c\000t\000o\000r\000y\000\040\000C\000l\000a\000s\000s\000\040\000R\000e\000f\000e\000r\000e\000n\000c\000e}{chapter.4}% 84
\BOOKMARK [2][-]{subsection.4.12.1}{\376\377\000D\000e\000t\000a\000i\000l\000e\000d\000\040\000D\000e\000s\000c\000r\000i\000p\000t\000i\000o\000n}{section.4.12}% 85
\BOOKMARK [2][-]{subsection.4.12.2}{\376\377\000M\000e\000m\000b\000e\000r\000\040\000F\000u\000n\000c\000t\000i\000o\000n\000\040\000D\000o\000c\000u\000m\000e\000n\000t\000a\000t\000i\000o\000n}{section.4.12}% 86
\BOOKMARK [3][-]{subsubsection.4.12.2.1}{\376\377\000c\000r\000e\000a\000t\000e\000C\000o\000l\000l\000i\000s\000i\000o\000n\000C\000o\000m\000p\000o\000n\000e\000n\000t}{subsection.4.12.2}% 87
\BOOKMARK [3][-]{subsubsection.4.12.2.2}{\376\377\000c\000r\000e\000a\000t\000e\000H\000e\000a\000l\000t\000h\000C\000o\000m\000p\000o\000n\000e\000n\000t}{subsection.4.12.2}% 88
\BOOKMARK [3][-]{subsubsection.4.12.2.3}{\376\377\000c\000r\000e\000a\000t\000e\000I\000n\000p\000u\000t\000C\000o\000m\000p\000o\000n\000e\000n\000t}{subsection.4.12.2}% 89
\BOOKMARK [3][-]{subsubsection.4.12.2.4}{\376\377\000c\000r\000e\000a\000t\000e\000P\000o\000s\000i\000t\000i\000o\000n\000C\000o\000m\000p\000o\000n\000e\000n\000t}{subsection.4.12.2}% 90
\BOOKMARK [3][-]{subsubsection.4.12.2.5}{\376\377\000c\000r\000e\000a\000t\000e\000S\000h\000a\000p\000e\000C\000o\000m\000p\000o\000n\000e\000n\000t}{subsection.4.12.2}% 91
\BOOKMARK [3][-]{subsubsection.4.12.2.6}{\376\377\000c\000r\000e\000a\000t\000e\000S\000p\000r\000i\000t\000e\000C\000o\000m\000p\000o\000n\000e\000n\000t}{subsection.4.12.2}% 92
\BOOKMARK [3][-]{subsubsection.4.12.2.7}{\376\377\000c\000r\000e\000a\000t\000e\000S\000t\000a\000t\000e\000C\000o\000m\000p\000o\000n\000e\000n\000t}{subsection.4.12.2}% 93
\BOOKMARK [3][-]{subsubsection.4.12.2.8}{\376\377\000c\000r\000e\000a\000t\000e\000T\000e\000x\000t\000C\000o\000m\000p\000o\000n\000e\000n\000t}{subsection.4.12.2}% 94
\BOOKMARK [1][-]{section.4.13}{\376\377\000E\000n\000t\000i\000t\000y\000F\000a\000c\000t\000o\000r\000y\000\040\000C\000l\000a\000s\000s\000\040\000R\000e\000f\000e\000r\000e\000n\000c\000e}{chapter.4}% 95
\BOOKMARK [2][-]{subsection.4.13.1}{\376\377\000D\000e\000t\000a\000i\000l\000e\000d\000\040\000D\000e\000s\000c\000r\000i\000p\000t\000i\000o\000n}{section.4.13}% 96
\BOOKMARK [2][-]{subsection.4.13.2}{\376\377\000M\000e\000m\000b\000e\000r\000\040\000F\000u\000n\000c\000t\000i\000o\000n\000\040\000D\000o\000c\000u\000m\000e\000n\000t\000a\000t\000i\000o\000n}{section.4.13}% 97
\BOOKMARK [3][-]{subsubsection.4.13.2.1}{\376\377\000c\000r\000e\000a\000t\000e\000M\000a\000i\000n\000E\000n\000t\000i\000t\000y}{subsection.4.13.2}% 98
\BOOKMARK [1][-]{section.4.14}{\376\377\000E\000n\000t\000i\000t\000y\000M\000a\000n\000a\000g\000e\000r\000\040\000C\000l\000a\000s\000s\000\040\000R\000e\000f\000e\000r\000e\000n\000c\000e}{chapter.4}% 99
\BOOKMARK [2][-]{subsection.4.14.1}{\376\377\000D\000e\000t\000a\000i\000l\000e\000d\000\040\000D\000e\000s\000c\000r\000i\000p\000t\000i\000o\000n}{section.4.14}% 100
\BOOKMARK [2][-]{subsection.4.14.2}{\376\377\000M\000e\000m\000b\000e\000r\000\040\000F\000u\000n\000c\000t\000i\000o\000n\000\040\000D\000o\000c\000u\000m\000e\000n\000t\000a\000t\000i\000o\000n}{section.4.14}% 101
\BOOKMARK [3][-]{subsubsection.4.14.2.1}{\376\377\000a\000d\000d\000E\000n\000t\000i\000t\000y}{subsection.4.14.2}% 102
\BOOKMARK [3][-]{subsubsection.4.14.2.2}{\376\377\000g\000e\000t\000A\000l\000l\000E\000n\000t\000i\000t\000i\000e\000s}{subsection.4.14.2}% 103
\BOOKMARK [3][-]{subsubsection.4.14.2.3}{\376\377\000g\000e\000t\000E\000n\000t\000i\000t\000i\000e\000s\000B\000y\000F\000a\000m\000i\000l\000y}{subsection.4.14.2}% 104
\BOOKMARK [3][-]{subsubsection.4.14.2.4}{\376\377\000g\000e\000t\000E\000n\000t\000i\000t\000i\000e\000s\000B\000y\000N\000a\000m\000e}{subsection.4.14.2}% 105
\BOOKMARK [3][-]{subsubsection.4.14.2.5}{\376\377\000g\000e\000t\000E\000n\000t\000i\000t\000y\000B\000y\000I\000d}{subsection.4.14.2}% 106
\BOOKMARK [3][-]{subsubsection.4.14.2.6}{\376\377\000g\000e\000t\000I\000n\000s\000t\000a\000n\000c\000e}{subsection.4.14.2}% 107
\BOOKMARK [3][-]{subsubsection.4.14.2.7}{\376\377\000h\000a\000s\000E\000n\000t\000i\000t\000y\000B\000y\000I\000d}{subsection.4.14.2}% 108
\BOOKMARK [3][-]{subsubsection.4.14.2.8}{\376\377\000r\000e\000m\000o\000v\000e\000E\000n\000t\000i\000t\000y}{subsection.4.14.2}% 109
\BOOKMARK [3][-]{subsubsection.4.14.2.9}{\376\377\000s\000o\000r\000t\000E\000n\000t\000i\000t\000y\000L\000i\000s\000t}{subsection.4.14.2}% 110
\BOOKMARK [1][-]{section.4.15}{\376\377\000E\000v\000e\000n\000t\000M\000a\000n\000a\000g\000e\000r\000\040\000C\000l\000a\000s\000s\000\040\000R\000e\000f\000e\000r\000e\000n\000c\000e}{chapter.4}% 111
\BOOKMARK [2][-]{subsection.4.15.1}{\376\377\000D\000e\000t\000a\000i\000l\000e\000d\000\040\000D\000e\000s\000c\000r\000i\000p\000t\000i\000o\000n}{section.4.15}% 112
\BOOKMARK [2][-]{subsection.4.15.2}{\376\377\000M\000e\000m\000b\000e\000r\000\040\000F\000u\000n\000c\000t\000i\000o\000n\000\040\000D\000o\000c\000u\000m\000e\000n\000t\000a\000t\000i\000o\000n}{section.4.15}% 113
\BOOKMARK [3][-]{subsubsection.4.15.2.1}{\376\377\000g\000e\000t\000E\000v\000e\000n\000t\000s}{subsection.4.15.2}% 114
\BOOKMARK [3][-]{subsubsection.4.15.2.2}{\376\377\000g\000e\000t\000I\000n\000s\000t\000a\000n\000c\000e}{subsection.4.15.2}% 115
\BOOKMARK [3][-]{subsubsection.4.15.2.3}{\376\377\000p\000o\000l\000l\000E\000v\000e\000n\000t\000s}{subsection.4.15.2}% 116
\BOOKMARK [3][-]{subsubsection.4.15.2.4}{\376\377\000s\000e\000t\000W\000i\000n\000d\000o\000w}{subsection.4.15.2}% 117
\BOOKMARK [1][-]{section.4.16}{\376\377\000E\000v\000e\000n\000t\000S\000y\000s\000t\000e\000m\000\040\000C\000l\000a\000s\000s\000\040\000R\000e\000f\000e\000r\000e\000n\000c\000e}{chapter.4}% 118
\BOOKMARK [2][-]{subsection.4.16.1}{\376\377\000D\000e\000t\000a\000i\000l\000e\000d\000\040\000D\000e\000s\000c\000r\000i\000p\000t\000i\000o\000n}{section.4.16}% 119
\BOOKMARK [1][-]{section.4.17}{\376\377\000H\000e\000a\000l\000t\000h\000C\000o\000m\000p\000o\000n\000e\000n\000t\000\040\000C\000l\000a\000s\000s\000\040\000R\000e\000f\000e\000r\000e\000n\000c\000e}{chapter.4}% 120
\BOOKMARK [2][-]{subsection.4.17.1}{\376\377\000M\000e\000m\000b\000e\000r\000\040\000F\000u\000n\000c\000t\000i\000o\000n\000\040\000D\000o\000c\000u\000m\000e\000n\000t\000a\000t\000i\000o\000n}{section.4.17}% 121
\BOOKMARK [3][-]{subsubsection.4.17.1.1}{\376\377\000u\000p\000d\000a\000t\000e}{subsection.4.17.1}% 122
\BOOKMARK [1][-]{section.4.18}{\376\377\000I\000n\000p\000u\000t\000C\000o\000m\000p\000o\000n\000e\000n\000t\000\040\000C\000l\000a\000s\000s\000\040\000R\000e\000f\000e\000r\000e\000n\000c\000e}{chapter.4}% 123
\BOOKMARK [2][-]{subsection.4.18.1}{\376\377\000D\000e\000t\000a\000i\000l\000e\000d\000\040\000D\000e\000s\000c\000r\000i\000p\000t\000i\000o\000n}{section.4.18}% 124
\BOOKMARK [2][-]{subsection.4.18.2}{\376\377\000C\000o\000n\000s\000t\000r\000u\000c\000t\000o\000r\000\040\000\046\000\040\000D\000e\000s\000t\000r\000u\000c\000t\000o\000r\000\040\000D\000o\000c\000u\000m\000e\000n\000t\000a\000t\000i\000o\000n}{section.4.18}% 125
\BOOKMARK [3][-]{subsubsection.4.18.2.1}{\376\377\000I\000n\000p\000u\000t\000C\000o\000m\000p\000o\000n\000e\000n\000t}{subsection.4.18.2}% 126
\BOOKMARK [1][-]{section.4.19}{\376\377\000I\000n\000p\000u\000t\000S\000y\000s\000t\000e\000m\000\040\000C\000l\000a\000s\000s\000\040\000R\000e\000f\000e\000r\000e\000n\000c\000e}{chapter.4}% 127
\BOOKMARK [2][-]{subsection.4.19.1}{\376\377\000D\000e\000t\000a\000i\000l\000e\000d\000\040\000D\000e\000s\000c\000r\000i\000p\000t\000i\000o\000n}{section.4.19}% 128
\BOOKMARK [1][-]{section.4.20}{\376\377\000M\000a\000i\000n\000E\000n\000t\000i\000t\000y\000\040\000C\000l\000a\000s\000s\000\040\000R\000e\000f\000e\000r\000e\000n\000c\000e}{chapter.4}% 129
\BOOKMARK [2][-]{subsection.4.20.1}{\376\377\000D\000e\000t\000a\000i\000l\000e\000d\000\040\000D\000e\000s\000c\000r\000i\000p\000t\000i\000o\000n}{section.4.20}% 130
\BOOKMARK [2][-]{subsection.4.20.2}{\376\377\000C\000o\000n\000s\000t\000r\000u\000c\000t\000o\000r\000\040\000\046\000\040\000D\000e\000s\000t\000r\000u\000c\000t\000o\000r\000\040\000D\000o\000c\000u\000m\000e\000n\000t\000a\000t\000i\000o\000n}{section.4.20}% 131
\BOOKMARK [3][-]{subsubsection.4.20.2.1}{\376\377\000M\000a\000i\000n\000E\000n\000t\000i\000t\000y}{subsection.4.20.2}% 132
\BOOKMARK [2][-]{subsection.4.20.3}{\376\377\000M\000e\000m\000b\000e\000r\000\040\000F\000u\000n\000c\000t\000i\000o\000n\000\040\000D\000o\000c\000u\000m\000e\000n\000t\000a\000t\000i\000o\000n}{section.4.20}% 133
\BOOKMARK [3][-]{subsubsection.4.20.3.1}{\376\377\000h\000a\000n\000d\000l\000e}{subsection.4.20.3}% 134
\BOOKMARK [1][-]{section.4.21}{\376\377\000P\000o\000s\000i\000t\000i\000o\000n\000C\000o\000m\000p\000o\000n\000e\000n\000t\000\040\000C\000l\000a\000s\000s\000\040\000R\000e\000f\000e\000r\000e\000n\000c\000e}{chapter.4}% 135
\BOOKMARK [2][-]{subsection.4.21.1}{\376\377\000D\000e\000t\000a\000i\000l\000e\000d\000\040\000D\000e\000s\000c\000r\000i\000p\000t\000i\000o\000n}{section.4.21}% 136
\BOOKMARK [2][-]{subsection.4.21.2}{\376\377\000C\000o\000n\000s\000t\000r\000u\000c\000t\000o\000r\000\040\000\046\000\040\000D\000e\000s\000t\000r\000u\000c\000t\000o\000r\000\040\000D\000o\000c\000u\000m\000e\000n\000t\000a\000t\000i\000o\000n}{section.4.21}% 137
\BOOKMARK [3][-]{subsubsection.4.21.2.1}{\376\377\000P\000o\000s\000i\000t\000i\000o\000n\000C\000o\000m\000p\000o\000n\000e\000n\000t}{subsection.4.21.2}% 138
\BOOKMARK [1][-]{section.4.22}{\376\377\000S\000h\000a\000p\000e\000C\000o\000m\000p\000o\000n\000e\000n\000t\000\040\000C\000l\000a\000s\000s\000\040\000R\000e\000f\000e\000r\000e\000n\000c\000e}{chapter.4}% 139
\BOOKMARK [2][-]{subsection.4.22.1}{\376\377\000D\000e\000t\000a\000i\000l\000e\000d\000\040\000D\000e\000s\000c\000r\000i\000p\000t\000i\000o\000n}{section.4.22}% 140
\BOOKMARK [2][-]{subsection.4.22.2}{\376\377\000C\000o\000n\000s\000t\000r\000u\000c\000t\000o\000r\000\040\000\046\000\040\000D\000e\000s\000t\000r\000u\000c\000t\000o\000r\000\040\000D\000o\000c\000u\000m\000e\000n\000t\000a\000t\000i\000o\000n}{section.4.22}% 141
\BOOKMARK [3][-]{subsubsection.4.22.2.1}{\376\377\000S\000h\000a\000p\000e\000C\000o\000m\000p\000o\000n\000e\000n\000t}{subsection.4.22.2}% 142
\BOOKMARK [2][-]{subsection.4.22.3}{\376\377\000M\000e\000m\000b\000e\000r\000\040\000F\000u\000n\000c\000t\000i\000o\000n\000\040\000D\000o\000c\000u\000m\000e\000n\000t\000a\000t\000i\000o\000n}{section.4.22}% 143
\BOOKMARK [3][-]{subsubsection.4.22.3.1}{\376\377\000u\000p\000d\000a\000t\000e}{subsection.4.22.3}% 144
\BOOKMARK [1][-]{section.4.23}{\376\377\000S\000h\000a\000p\000e\000M\000a\000n\000a\000g\000e\000r\000\040\000C\000l\000a\000s\000s\000\040\000R\000e\000f\000e\000r\000e\000n\000c\000e}{chapter.4}% 145
\BOOKMARK [2][-]{subsection.4.23.1}{\376\377\000D\000e\000t\000a\000i\000l\000e\000d\000\040\000D\000e\000s\000c\000r\000i\000p\000t\000i\000o\000n}{section.4.23}% 146
\BOOKMARK [2][-]{subsection.4.23.2}{\376\377\000M\000e\000m\000b\000e\000r\000\040\000F\000u\000n\000c\000t\000i\000o\000n\000\040\000D\000o\000c\000u\000m\000e\000n\000t\000a\000t\000i\000o\000n}{section.4.23}% 147
\BOOKMARK [3][-]{subsubsection.4.23.2.1}{\376\377\000g\000e\000t\000I\000n\000s\000t\000a\000n\000c\000e}{subsection.4.23.2}% 148
\BOOKMARK [1][-]{section.4.24}{\376\377\000S\000i\000n\000g\000l\000e\000t\000o\000n\000T\000<\000\040\000I\000n\000s\000t\000a\000n\000c\000e\000C\000l\000a\000s\000s\000\040\000>\000\040\000C\000l\000a\000s\000s\000\040\000T\000e\000m\000p\000l\000a\000t\000e\000\040\000R\000e\000f\000e\000r\000e\000n\000c\000e}{chapter.4}% 149
\BOOKMARK [1][-]{section.4.25}{\376\377\000S\000p\000r\000i\000t\000e\000C\000o\000m\000p\000o\000n\000e\000n\000t\000\040\000C\000l\000a\000s\000s\000\040\000R\000e\000f\000e\000r\000e\000n\000c\000e}{chapter.4}% 150
\BOOKMARK [2][-]{subsection.4.25.1}{\376\377\000D\000e\000t\000a\000i\000l\000e\000d\000\040\000D\000e\000s\000c\000r\000i\000p\000t\000i\000o\000n}{section.4.25}% 151
\BOOKMARK [2][-]{subsection.4.25.2}{\376\377\000C\000o\000n\000s\000t\000r\000u\000c\000t\000o\000r\000\040\000\046\000\040\000D\000e\000s\000t\000r\000u\000c\000t\000o\000r\000\040\000D\000o\000c\000u\000m\000e\000n\000t\000a\000t\000i\000o\000n}{section.4.25}% 152
\BOOKMARK [3][-]{subsubsection.4.25.2.1}{\376\377\000S\000p\000r\000i\000t\000e\000C\000o\000m\000p\000o\000n\000e\000n\000t}{subsection.4.25.2}% 153
\BOOKMARK [2][-]{subsection.4.25.3}{\376\377\000M\000e\000m\000b\000e\000r\000\040\000F\000u\000n\000c\000t\000i\000o\000n\000\040\000D\000o\000c\000u\000m\000e\000n\000t\000a\000t\000i\000o\000n}{section.4.25}% 154
\BOOKMARK [3][-]{subsubsection.4.25.3.1}{\376\377\000u\000p\000d\000a\000t\000e}{subsection.4.25.3}% 155
\BOOKMARK [1][-]{section.4.26}{\376\377\000S\000p\000r\000i\000t\000e\000M\000a\000n\000a\000g\000e\000r\000\040\000C\000l\000a\000s\000s\000\040\000R\000e\000f\000e\000r\000e\000n\000c\000e}{chapter.4}% 156
\BOOKMARK [2][-]{subsection.4.26.1}{\376\377\000D\000e\000t\000a\000i\000l\000e\000d\000\040\000D\000e\000s\000c\000r\000i\000p\000t\000i\000o\000n}{section.4.26}% 157
\BOOKMARK [2][-]{subsection.4.26.2}{\376\377\000M\000e\000m\000b\000e\000r\000\040\000F\000u\000n\000c\000t\000i\000o\000n\000\040\000D\000o\000c\000u\000m\000e\000n\000t\000a\000t\000i\000o\000n}{section.4.26}% 158
\BOOKMARK [3][-]{subsubsection.4.26.2.1}{\376\377\000a\000d\000d\000S\000p\000r\000i\000t\000e}{subsection.4.26.2}% 159
\BOOKMARK [3][-]{subsubsection.4.26.2.2}{\376\377\000g\000e\000t\000I\000n\000s\000t\000a\000n\000c\000e}{subsection.4.26.2}% 160
\BOOKMARK [3][-]{subsubsection.4.26.2.3}{\376\377\000g\000e\000t\000S\000p\000r\000i\000t\000e}{subsection.4.26.2}% 161
\BOOKMARK [3][-]{subsubsection.4.26.2.4}{\376\377\000h\000a\000s\000S\000p\000r\000i\000t\000e}{subsection.4.26.2}% 162
\BOOKMARK [3][-]{subsubsection.4.26.2.5}{\376\377\000r\000e\000m\000o\000v\000e\000S\000p\000r\000i\000t\000e}{subsection.4.26.2}% 163
\BOOKMARK [1][-]{section.4.27}{\376\377\000S\000p\000r\000i\000t\000e\000S\000y\000s\000t\000e\000m\000\040\000C\000l\000a\000s\000s\000\040\000R\000e\000f\000e\000r\000e\000n\000c\000e}{chapter.4}% 164
\BOOKMARK [2][-]{subsection.4.27.1}{\376\377\000D\000e\000t\000a\000i\000l\000e\000d\000\040\000D\000e\000s\000c\000r\000i\000p\000t\000i\000o\000n}{section.4.27}% 165
\BOOKMARK [2][-]{subsection.4.27.2}{\376\377\000C\000o\000n\000s\000t\000r\000u\000c\000t\000o\000r\000\040\000\046\000\040\000D\000e\000s\000t\000r\000u\000c\000t\000o\000r\000\040\000D\000o\000c\000u\000m\000e\000n\000t\000a\000t\000i\000o\000n}{section.4.27}% 166
\BOOKMARK [3][-]{subsubsection.4.27.2.1}{\376\377\000S\000p\000r\000i\000t\000e\000S\000y\000s\000t\000e\000m}{subsection.4.27.2}% 167
\BOOKMARK [1][-]{section.4.28}{\376\377\000S\000t\000a\000t\000e\000C\000o\000m\000p\000o\000n\000e\000n\000t\000\040\000C\000l\000a\000s\000s\000\040\000R\000e\000f\000e\000r\000e\000n\000c\000e}{chapter.4}% 168
\BOOKMARK [2][-]{subsection.4.28.1}{\376\377\000D\000e\000t\000a\000i\000l\000e\000d\000\040\000D\000e\000s\000c\000r\000i\000p\000t\000i\000o\000n}{section.4.28}% 169
\BOOKMARK [2][-]{subsection.4.28.2}{\376\377\000C\000o\000n\000s\000t\000r\000u\000c\000t\000o\000r\000\040\000\046\000\040\000D\000e\000s\000t\000r\000u\000c\000t\000o\000r\000\040\000D\000o\000c\000u\000m\000e\000n\000t\000a\000t\000i\000o\000n}{section.4.28}% 170
\BOOKMARK [3][-]{subsubsection.4.28.2.1}{\376\377\000S\000t\000a\000t\000e\000C\000o\000m\000p\000o\000n\000e\000n\000t}{subsection.4.28.2}% 171
\BOOKMARK [2][-]{subsection.4.28.3}{\376\377\000M\000e\000m\000b\000e\000r\000\040\000F\000u\000n\000c\000t\000i\000o\000n\000\040\000D\000o\000c\000u\000m\000e\000n\000t\000a\000t\000i\000o\000n}{section.4.28}% 172
\BOOKMARK [3][-]{subsubsection.4.28.3.1}{\376\377\000u\000p\000d\000a\000t\000e}{subsection.4.28.3}% 173
\BOOKMARK [1][-]{section.4.29}{\376\377\000S\000t\000a\000t\000e\000M\000a\000n\000a\000g\000e\000r\000\040\000C\000l\000a\000s\000s\000\040\000R\000e\000f\000e\000r\000e\000n\000c\000e}{chapter.4}% 174
\BOOKMARK [2][-]{subsection.4.29.1}{\376\377\000D\000e\000t\000a\000i\000l\000e\000d\000\040\000D\000e\000s\000c\000r\000i\000p\000t\000i\000o\000n}{section.4.29}% 175
\BOOKMARK [2][-]{subsection.4.29.2}{\376\377\000M\000e\000m\000b\000e\000r\000\040\000F\000u\000n\000c\000t\000i\000o\000n\000\040\000D\000o\000c\000u\000m\000e\000n\000t\000a\000t\000i\000o\000n}{section.4.29}% 176
\BOOKMARK [3][-]{subsubsection.4.29.2.1}{\376\377\000a\000d\000d\000S\000t\000a\000t\000e\000C\000a\000l\000l\000b\000a\000c\000k}{subsection.4.29.2}% 177
\BOOKMARK [3][-]{subsubsection.4.29.2.2}{\376\377\000g\000e\000t\000I\000n\000s\000t\000a\000n\000c\000e}{subsection.4.29.2}% 178
\BOOKMARK [3][-]{subsubsection.4.29.2.3}{\376\377\000g\000e\000t\000S\000t\000a\000t\000e}{subsection.4.29.2}% 179
\BOOKMARK [3][-]{subsubsection.4.29.2.4}{\376\377\000h\000a\000s\000S\000t\000a\000t\000e}{subsection.4.29.2}% 180
\BOOKMARK [3][-]{subsubsection.4.29.2.5}{\376\377\000s\000e\000t\000D\000i\000s\000a\000b\000l\000e}{subsection.4.29.2}% 181
\BOOKMARK [3][-]{subsubsection.4.29.2.6}{\376\377\000s\000e\000t\000E\000n\000a\000b\000l\000e}{subsection.4.29.2}% 182
\BOOKMARK [1][-]{section.4.30}{\376\377\000S\000t\000a\000t\000e\000S\000y\000s\000t\000e\000m\000\040\000C\000l\000a\000s\000s\000\040\000R\000e\000f\000e\000r\000e\000n\000c\000e}{chapter.4}% 183
\BOOKMARK [2][-]{subsection.4.30.1}{\376\377\000D\000e\000t\000a\000i\000l\000e\000d\000\040\000D\000e\000s\000c\000r\000i\000p\000t\000i\000o\000n}{section.4.30}% 184
\BOOKMARK [2][-]{subsection.4.30.2}{\376\377\000M\000e\000m\000b\000e\000r\000\040\000F\000u\000n\000c\000t\000i\000o\000n\000\040\000D\000o\000c\000u\000m\000e\000n\000t\000a\000t\000i\000o\000n}{section.4.30}% 185
\BOOKMARK [3][-]{subsubsection.4.30.2.1}{\376\377\000p\000r\000o\000c\000e\000s\000s}{subsection.4.30.2}% 186
\BOOKMARK [1][-]{section.4.31}{\376\377\000S\000y\000s\000t\000e\000m\000M\000a\000n\000a\000g\000e\000r\000\040\000C\000l\000a\000s\000s\000\040\000R\000e\000f\000e\000r\000e\000n\000c\000e}{chapter.4}% 187
\BOOKMARK [2][-]{subsection.4.31.1}{\376\377\000D\000e\000t\000a\000i\000l\000e\000d\000\040\000D\000e\000s\000c\000r\000i\000p\000t\000i\000o\000n}{section.4.31}% 188
\BOOKMARK [2][-]{subsection.4.31.2}{\376\377\000M\000e\000m\000b\000e\000r\000\040\000F\000u\000n\000c\000t\000i\000o\000n\000\040\000D\000o\000c\000u\000m\000e\000n\000t\000a\000t\000i\000o\000n}{section.4.31}% 189
\BOOKMARK [3][-]{subsubsection.4.31.2.1}{\376\377\000g\000e\000t\000I\000n\000s\000t\000a\000n\000c\000e}{subsection.4.31.2}% 190
\BOOKMARK [1][-]{section.4.32}{\376\377\000T\000e\000x\000t\000C\000o\000m\000p\000o\000n\000e\000n\000t\000\040\000C\000l\000a\000s\000s\000\040\000R\000e\000f\000e\000r\000e\000n\000c\000e}{chapter.4}% 191
\BOOKMARK [2][-]{subsection.4.32.1}{\376\377\000D\000e\000t\000a\000i\000l\000e\000d\000\040\000D\000e\000s\000c\000r\000i\000p\000t\000i\000o\000n}{section.4.32}% 192
\BOOKMARK [2][-]{subsection.4.32.2}{\376\377\000C\000o\000n\000s\000t\000r\000u\000c\000t\000o\000r\000\040\000\046\000\040\000D\000e\000s\000t\000r\000u\000c\000t\000o\000r\000\040\000D\000o\000c\000u\000m\000e\000n\000t\000a\000t\000i\000o\000n}{section.4.32}% 193
\BOOKMARK [3][-]{subsubsection.4.32.2.1}{\376\377\000T\000e\000x\000t\000C\000o\000m\000p\000o\000n\000e\000n\000t}{subsection.4.32.2}% 194
\BOOKMARK [2][-]{subsection.4.32.3}{\376\377\000M\000e\000m\000b\000e\000r\000\040\000F\000u\000n\000c\000t\000i\000o\000n\000\040\000D\000o\000c\000u\000m\000e\000n\000t\000a\000t\000i\000o\000n}{section.4.32}% 195
\BOOKMARK [3][-]{subsubsection.4.32.3.1}{\376\377\000u\000p\000d\000a\000t\000e}{subsection.4.32.3}% 196
\BOOKMARK [1][-]{section.4.33}{\376\377\000T\000e\000x\000t\000M\000a\000n\000a\000g\000e\000r\000\040\000C\000l\000a\000s\000s\000\040\000R\000e\000f\000e\000r\000e\000n\000c\000e}{chapter.4}% 197
\BOOKMARK [2][-]{subsection.4.33.1}{\376\377\000D\000e\000t\000a\000i\000l\000e\000d\000\040\000D\000e\000s\000c\000r\000i\000p\000t\000i\000o\000n}{section.4.33}% 198
\BOOKMARK [2][-]{subsection.4.33.2}{\376\377\000M\000e\000m\000b\000e\000r\000\040\000F\000u\000n\000c\000t\000i\000o\000n\000\040\000D\000o\000c\000u\000m\000e\000n\000t\000a\000t\000i\000o\000n}{section.4.33}% 199
\BOOKMARK [3][-]{subsubsection.4.33.2.1}{\376\377\000a\000d\000d\000F\000o\000n\000t}{subsection.4.33.2}% 200
\BOOKMARK [3][-]{subsubsection.4.33.2.2}{\376\377\000a\000d\000d\000T\000e\000x\000t}{subsection.4.33.2}% 201
\BOOKMARK [3][-]{subsubsection.4.33.2.3}{\376\377\000g\000e\000t\000F\000o\000n\000t}{subsection.4.33.2}% 202
\BOOKMARK [3][-]{subsubsection.4.33.2.4}{\376\377\000g\000e\000t\000I\000n\000s\000t\000a\000n\000c\000e}{subsection.4.33.2}% 203
\BOOKMARK [3][-]{subsubsection.4.33.2.5}{\376\377\000g\000e\000t\000T\000e\000x\000t}{subsection.4.33.2}% 204
\BOOKMARK [3][-]{subsubsection.4.33.2.6}{\376\377\000h\000a\000s\000F\000o\000n\000t}{subsection.4.33.2}% 205
\BOOKMARK [3][-]{subsubsection.4.33.2.7}{\376\377\000h\000a\000s\000T\000e\000x\000t}{subsection.4.33.2}% 206
\BOOKMARK [3][-]{subsubsection.4.33.2.8}{\376\377\000r\000e\000m\000o\000v\000e\000F\000o\000n\000t}{subsection.4.33.2}% 207
\BOOKMARK [3][-]{subsubsection.4.33.2.9}{\376\377\000r\000e\000m\000o\000v\000e\000T\000e\000x\000t}{subsection.4.33.2}% 208
\BOOKMARK [1][-]{section.4.34}{\376\377\000T\000e\000x\000t\000u\000r\000e\000M\000a\000n\000a\000g\000e\000r\000\040\000C\000l\000a\000s\000s\000\040\000R\000e\000f\000e\000r\000e\000n\000c\000e}{chapter.4}% 209
\BOOKMARK [2][-]{subsection.4.34.1}{\376\377\000D\000e\000t\000a\000i\000l\000e\000d\000\040\000D\000e\000s\000c\000r\000i\000p\000t\000i\000o\000n}{section.4.34}% 210
\BOOKMARK [2][-]{subsection.4.34.2}{\376\377\000M\000e\000m\000b\000e\000r\000\040\000F\000u\000n\000c\000t\000i\000o\000n\000\040\000D\000o\000c\000u\000m\000e\000n\000t\000a\000t\000i\000o\000n}{section.4.34}% 211
\BOOKMARK [3][-]{subsubsection.4.34.2.1}{\376\377\000a\000d\000d\000T\000e\000x\000t\000u\000r\000e}{subsection.4.34.2}% 212
\BOOKMARK [3][-]{subsubsection.4.34.2.2}{\376\377\000d\000e\000l\000e\000t\000e\000T\000e\000x\000t\000u\000r\000e}{subsection.4.34.2}% 213
\BOOKMARK [3][-]{subsubsection.4.34.2.3}{\376\377\000g\000e\000t\000I\000n\000s\000t\000a\000n\000c\000e}{subsection.4.34.2}% 214
\BOOKMARK [3][-]{subsubsection.4.34.2.4}{\376\377\000g\000e\000t\000T\000e\000x\000t\000u\000r\000e}{subsection.4.34.2}% 215
\BOOKMARK [3][-]{subsubsection.4.34.2.5}{\376\377\000h\000a\000s\000T\000e\000x\000t\000u\000r\000e}{subsection.4.34.2}% 216
\BOOKMARK [0][-]{chapter.5}{\376\377\000F\000i\000l\000e\000\040\000D\000o\000c\000u\000m\000e\000n\000t\000a\000t\000i\000o\000n}{}% 217
\BOOKMARK [1][-]{section.5.1}{\376\377\000A\000b\000s\000t\000r\000a\000c\000t\000C\000o\000m\000p\000o\000n\000e\000n\000t\000.\000h\000\040\000F\000i\000l\000e\000\040\000R\000e\000f\000e\000r\000e\000n\000c\000e}{chapter.5}% 218
\BOOKMARK [2][-]{subsection.5.1.1}{\376\377\000D\000e\000t\000a\000i\000l\000e\000d\000\040\000D\000e\000s\000c\000r\000i\000p\000t\000i\000o\000n}{section.5.1}% 219
\BOOKMARK [2][-]{subsection.5.1.2}{\376\377\000L\000I\000C\000E\000N\000S\000E}{section.5.1}% 220
\BOOKMARK [2][-]{subsection.5.1.3}{\376\377\000D\000E\000S\000C\000R\000I\000P\000T\000I\000O\000N}{section.5.1}% 221
\BOOKMARK [2][-]{subsection.5.1.4}{\376\377\000T\000y\000p\000e\000d\000e\000f\000\040\000D\000o\000c\000u\000m\000e\000n\000t\000a\000t\000i\000o\000n}{section.5.1}% 222
\BOOKMARK [3][-]{subsubsection.5.1.4.1}{\376\377\000a\000t\000t\000r\000i\000b\000u\000t\000e}{subsection.5.1.4}% 223
\BOOKMARK [3][-]{subsubsection.5.1.4.2}{\376\377\000a\000t\000t\000r\000i\000b\000u\000t\000e\000\137\000c\000o\000n\000t\000a\000i\000n\000e\000r}{subsection.5.1.4}% 224
\BOOKMARK [2][-]{subsection.5.1.5}{\376\377\000E\000n\000u\000m\000e\000r\000a\000t\000i\000o\000n\000\040\000T\000y\000p\000e\000\040\000D\000o\000c\000u\000m\000e\000n\000t\000a\000t\000i\000o\000n}{section.5.1}% 225
\BOOKMARK [3][-]{subsubsection.5.1.5.1}{\376\377\000a\000t\000t\000r\000i\000b\000u\000t\000e\000\137\000t\000y\000p\000e}{subsection.5.1.5}% 226
\BOOKMARK [1][-]{section.5.2}{\376\377\000A\000b\000s\000t\000r\000a\000c\000t\000E\000n\000t\000i\000t\000y\000.\000h\000\040\000F\000i\000l\000e\000\040\000R\000e\000f\000e\000r\000e\000n\000c\000e}{chapter.5}% 227
\BOOKMARK [2][-]{subsection.5.2.1}{\376\377\000D\000e\000t\000a\000i\000l\000e\000d\000\040\000D\000e\000s\000c\000r\000i\000p\000t\000i\000o\000n}{section.5.2}% 228
\BOOKMARK [2][-]{subsection.5.2.2}{\376\377\000L\000I\000C\000E\000N\000S\000E}{section.5.2}% 229
\BOOKMARK [2][-]{subsection.5.2.3}{\376\377\000D\000E\000S\000C\000R\000I\000P\000T\000I\000O\000N}{section.5.2}% 230
\BOOKMARK [1][-]{section.5.3}{\376\377\000A\000b\000s\000t\000r\000a\000c\000t\000S\000y\000s\000t\000e\000m\000.\000h\000\040\000F\000i\000l\000e\000\040\000R\000e\000f\000e\000r\000e\000n\000c\000e}{chapter.5}% 231
\BOOKMARK [2][-]{subsection.5.3.1}{\376\377\000D\000e\000t\000a\000i\000l\000e\000d\000\040\000D\000e\000s\000c\000r\000i\000p\000t\000i\000o\000n}{section.5.3}% 232
\BOOKMARK [2][-]{subsection.5.3.2}{\376\377\000L\000I\000C\000E\000N\000S\000E}{section.5.3}% 233
\BOOKMARK [2][-]{subsection.5.3.3}{\376\377\000D\000E\000S\000C\000R\000I\000P\000T\000I\000O\000N}{section.5.3}% 234
\BOOKMARK [1][-]{section.5.4}{\376\377\000A\000E\000\137\000A\000t\000t\000r\000i\000b\000u\000t\000e\000s\000.\000h\000\040\000F\000i\000l\000e\000\040\000R\000e\000f\000e\000r\000e\000n\000c\000e}{chapter.5}% 235
\BOOKMARK [2][-]{subsection.5.4.1}{\376\377\000D\000e\000t\000a\000i\000l\000e\000d\000\040\000D\000e\000s\000c\000r\000i\000p\000t\000i\000o\000n}{section.5.4}% 236
\BOOKMARK [2][-]{subsection.5.4.2}{\376\377\000L\000I\000C\000E\000N\000S\000E}{section.5.4}% 237
\BOOKMARK [2][-]{subsection.5.4.3}{\376\377\000D\000E\000S\000C\000R\000I\000P\000T\000I\000O\000N}{section.5.4}% 238
\BOOKMARK [2][-]{subsection.5.4.4}{\376\377\000M\000a\000c\000r\000o\000\040\000D\000e\000f\000i\000n\000i\000t\000i\000o\000n\000\040\000D\000o\000c\000u\000m\000e\000n\000t\000a\000t\000i\000o\000n}{section.5.4}% 239
\BOOKMARK [3][-]{subsubsection.5.4.4.1}{\376\377\000A\000T\000T\000R\000I\000B\000U\000T\000E\000\137\000C\000O\000L\000L\000I\000S\000I\000O\000N\000\137\000T\000A\000G}{subsection.5.4.4}% 240
\BOOKMARK [3][-]{subsubsection.5.4.4.2}{\376\377\000A\000T\000T\000R\000I\000B\000U\000T\000E\000\137\000C\000R\000E\000A\000T\000E\000D}{subsection.5.4.4}% 241
\BOOKMARK [3][-]{subsubsection.5.4.4.3}{\376\377\000A\000T\000T\000R\000I\000B\000U\000T\000E\000\137\000K\000E\000Y\000N\000A\000M\000E}{subsection.5.4.4}% 242
\BOOKMARK [3][-]{subsubsection.5.4.4.4}{\376\377\000A\000T\000T\000R\000I\000B\000U\000T\000E\000\137\000O\000R\000I\000G\000I\000N\000\137\000X}{subsection.5.4.4}% 243
\BOOKMARK [3][-]{subsubsection.5.4.4.5}{\376\377\000A\000T\000T\000R\000I\000B\000U\000T\000E\000\137\000O\000R\000I\000G\000I\000N\000\137\000Y}{subsection.5.4.4}% 244
\BOOKMARK [3][-]{subsubsection.5.4.4.6}{\376\377\000A\000T\000T\000R\000I\000B\000U\000T\000E\000\137\000P\000O\000L\000Y\000G\000O\000N\000\137\000P\000O\000I\000N\000T\000S}{subsection.5.4.4}% 245
\BOOKMARK [3][-]{subsubsection.5.4.4.7}{\376\377\000A\000T\000T\000R\000I\000B\000U\000T\000E\000\137\000S\000P\000R\000I\000T\000E\000\137\000N\000A\000M\000E}{subsection.5.4.4}% 246
\BOOKMARK [3][-]{subsubsection.5.4.4.8}{\376\377\000A\000T\000T\000R\000I\000B\000U\000T\000E\000\137\000Z\000B\000U\000F\000F\000E\000R}{subsection.5.4.4}% 247
\BOOKMARK [1][-]{section.5.5}{\376\377\000A\000E\000\137\000E\000v\000e\000n\000t\000s\000.\000h\000\040\000F\000i\000l\000e\000\040\000R\000e\000f\000e\000r\000e\000n\000c\000e}{chapter.5}% 248
\BOOKMARK [2][-]{subsection.5.5.1}{\376\377\000D\000e\000t\000a\000i\000l\000e\000d\000\040\000D\000e\000s\000c\000r\000i\000p\000t\000i\000o\000n}{section.5.5}% 249
\BOOKMARK [2][-]{subsection.5.5.2}{\376\377\000L\000I\000C\000E\000N\000S\000E}{section.5.5}% 250
\BOOKMARK [2][-]{subsection.5.5.3}{\376\377\000D\000E\000S\000C\000R\000I\000P\000T\000I\000O\000N}{section.5.5}% 251
\BOOKMARK [1][-]{section.5.6}{\376\377\000A\000E\000\137\000U\000t\000i\000l\000i\000t\000i\000e\000s\000.\000h\000\040\000F\000i\000l\000e\000\040\000R\000e\000f\000e\000r\000e\000n\000c\000e}{chapter.5}% 252
\BOOKMARK [2][-]{subsection.5.6.1}{\376\377\000D\000e\000t\000a\000i\000l\000e\000d\000\040\000D\000e\000s\000c\000r\000i\000p\000t\000i\000o\000n}{section.5.6}% 253
\BOOKMARK [2][-]{subsection.5.6.2}{\376\377\000L\000I\000C\000E\000N\000S\000E}{section.5.6}% 254
\BOOKMARK [2][-]{subsection.5.6.3}{\376\377\000D\000E\000S\000C\000R\000I\000P\000T\000I\000O\000N}{section.5.6}% 255
\BOOKMARK [2][-]{subsection.5.6.4}{\376\377\000F\000u\000n\000c\000t\000i\000o\000n\000\040\000D\000o\000c\000u\000m\000e\000n\000t\000a\000t\000i\000o\000n}{section.5.6}% 256
\BOOKMARK [3][-]{subsubsection.5.6.4.1}{\376\377\000c\000h\000e\000c\000k\000P\000o\000l\000y\000g\000o\000n\000L\000i\000n\000e\000I\000n\000t\000e\000r\000s\000e\000c\000t\000i\000o\000n\000s}{subsection.5.6.4}% 257
\BOOKMARK [3][-]{subsubsection.5.6.4.2}{\376\377\000C\000r\000o\000s\000s}{subsection.5.6.4}% 258
\BOOKMARK [3][-]{subsubsection.5.6.4.3}{\376\377\000D\000o\000t}{subsection.5.6.4}% 259
\BOOKMARK [3][-]{subsubsection.5.6.4.4}{\376\377\000p\000o\000i\000n\000t\000I\000n\000P\000o\000l\000y\000g\000o\000n}{subsection.5.6.4}% 260
\BOOKMARK [3][-]{subsubsection.5.6.4.5}{\376\377\000T\000e\000s\000t\0002\000D\000L\000i\000n\000e\000I\000n\000t\000e\000r\000s\000e\000c\000t\000i\000o\000n}{subsection.5.6.4}% 261
\BOOKMARK [3][-]{subsubsection.5.6.4.6}{\376\377\000t\000r\000i\000a\000n\000g\000l\000e\0002\000D\000A\000r\000e\000a}{subsection.5.6.4}% 262
\BOOKMARK [3][-]{subsubsection.5.6.4.7}{\376\377\000t\000r\000i\000a\000n\000g\000l\000e\000I\000s\000C\000C\000W}{subsection.5.6.4}% 263
\BOOKMARK [1][-]{section.5.7}{\376\377\000A\000r\000m\000y\000E\000n\000g\000i\000n\000e\000.\000h\000\040\000F\000i\000l\000e\000\040\000R\000e\000f\000e\000r\000e\000n\000c\000e}{chapter.5}% 264
\BOOKMARK [2][-]{subsection.5.7.1}{\376\377\000D\000e\000t\000a\000i\000l\000e\000d\000\040\000D\000e\000s\000c\000r\000i\000p\000t\000i\000o\000n}{section.5.7}% 265
\BOOKMARK [2][-]{subsection.5.7.2}{\376\377\000L\000I\000C\000E\000N\000S\000E}{section.5.7}% 266
\BOOKMARK [2][-]{subsection.5.7.3}{\376\377\000D\000E\000S\000C\000R\000I\000P\000T\000I\000O\000N}{section.5.7}% 267
\BOOKMARK [1][-]{section.5.8}{\376\377\000C\000a\000l\000l\000b\000a\000c\000k\000M\000a\000n\000a\000g\000e\000r\000.\000h\000\040\000F\000i\000l\000e\000\040\000R\000e\000f\000e\000r\000e\000n\000c\000e}{chapter.5}% 268
\BOOKMARK [2][-]{subsection.5.8.1}{\376\377\000D\000e\000t\000a\000i\000l\000e\000d\000\040\000D\000e\000s\000c\000r\000i\000p\000t\000i\000o\000n}{section.5.8}% 269
\BOOKMARK [2][-]{subsection.5.8.2}{\376\377\000L\000I\000C\000E\000N\000S\000E}{section.5.8}% 270
\BOOKMARK [2][-]{subsection.5.8.3}{\376\377\000D\000E\000S\000C\000R\000I\000P\000T\000I\000O\000N}{section.5.8}% 271
\BOOKMARK [1][-]{section.5.9}{\376\377\000C\000o\000l\000l\000i\000s\000i\000o\000n\000C\000o\000m\000p\000o\000n\000e\000n\000t\000.\000h\000\040\000F\000i\000l\000e\000\040\000R\000e\000f\000e\000r\000e\000n\000c\000e}{chapter.5}% 272
\BOOKMARK [2][-]{subsection.5.9.1}{\376\377\000D\000e\000t\000a\000i\000l\000e\000d\000\040\000D\000e\000s\000c\000r\000i\000p\000t\000i\000o\000n}{section.5.9}% 273
\BOOKMARK [2][-]{subsection.5.9.2}{\376\377\000L\000I\000C\000E\000N\000S\000E}{section.5.9}% 274
\BOOKMARK [2][-]{subsection.5.9.3}{\376\377\000D\000E\000S\000C\000R\000I\000P\000T\000I\000O\000N}{section.5.9}% 275
\BOOKMARK [1][-]{section.5.10}{\376\377\000C\000o\000l\000l\000i\000s\000i\000o\000n\000M\000a\000n\000a\000g\000e\000r\000.\000h\000\040\000F\000i\000l\000e\000\040\000R\000e\000f\000e\000r\000e\000n\000c\000e}{chapter.5}% 276
\BOOKMARK [2][-]{subsection.5.10.1}{\376\377\000D\000e\000t\000a\000i\000l\000e\000d\000\040\000D\000e\000s\000c\000r\000i\000p\000t\000i\000o\000n}{section.5.10}% 277
\BOOKMARK [2][-]{subsection.5.10.2}{\376\377\000L\000I\000C\000E\000N\000S\000E}{section.5.10}% 278
\BOOKMARK [2][-]{subsection.5.10.3}{\376\377\000D\000E\000S\000C\000R\000I\000P\000T\000I\000O\000N}{section.5.10}% 279
\BOOKMARK [2][-]{subsection.5.10.4}{\376\377\000T\000y\000p\000e\000d\000e\000f\000\040\000D\000o\000c\000u\000m\000e\000n\000t\000a\000t\000i\000o\000n}{section.5.10}% 280
\BOOKMARK [3][-]{subsubsection.5.10.4.1}{\376\377\000c\000o\000l\000l\000i\000s\000i\000o\000n\000P\000a\000r\000a\000m\000T\000u\000p\000l\000e}{subsection.5.10.4}% 281
\BOOKMARK [3][-]{subsubsection.5.10.4.2}{\376\377\000c\000o\000l\000l\000i\000s\000i\000o\000n\000T\000a\000g\000T\000u\000p\000l\000e}{subsection.5.10.4}% 282
\BOOKMARK [3][-]{subsubsection.5.10.4.3}{\376\377\000r\000e\000g\000i\000s\000t\000e\000r\000e\000d\000C\000o\000l\000l\000i\000s\000i\000o\000n\000T\000u\000p\000l\000e}{subsection.5.10.4}% 283
\BOOKMARK [1][-]{section.5.11}{\376\377\000C\000o\000l\000l\000i\000s\000i\000o\000n\000S\000y\000s\000t\000e\000m\000.\000h\000\040\000F\000i\000l\000e\000\040\000R\000e\000f\000e\000r\000e\000n\000c\000e}{chapter.5}% 284
\BOOKMARK [2][-]{subsection.5.11.1}{\376\377\000D\000e\000t\000a\000i\000l\000e\000d\000\040\000D\000e\000s\000c\000r\000i\000p\000t\000i\000o\000n}{section.5.11}% 285
\BOOKMARK [2][-]{subsection.5.11.2}{\376\377\000L\000I\000C\000E\000N\000S\000E}{section.5.11}% 286
\BOOKMARK [2][-]{subsection.5.11.3}{\376\377\000D\000E\000S\000C\000R\000I\000P\000T\000I\000O\000N}{section.5.11}% 287
\BOOKMARK [1][-]{section.5.12}{\376\377\000C\000o\000m\000p\000o\000n\000e\000n\000t\000F\000a\000c\000t\000o\000r\000y\000.\000h\000\040\000F\000i\000l\000e\000\040\000R\000e\000f\000e\000r\000e\000n\000c\000e}{chapter.5}% 288
\BOOKMARK [2][-]{subsection.5.12.1}{\376\377\000D\000e\000t\000a\000i\000l\000e\000d\000\040\000D\000e\000s\000c\000r\000i\000p\000t\000i\000o\000n}{section.5.12}% 289
\BOOKMARK [2][-]{subsection.5.12.2}{\376\377\000L\000I\000C\000E\000N\000S\000E}{section.5.12}% 290
\BOOKMARK [2][-]{subsection.5.12.3}{\376\377\000D\000E\000S\000C\000R\000I\000P\000T\000I\000O\000N}{section.5.12}% 291
\BOOKMARK [1][-]{section.5.13}{\376\377\000E\000n\000t\000i\000t\000y\000F\000a\000c\000t\000o\000r\000y\000.\000h\000\040\000F\000i\000l\000e\000\040\000R\000e\000f\000e\000r\000e\000n\000c\000e}{chapter.5}% 292
\BOOKMARK [2][-]{subsection.5.13.1}{\376\377\000D\000e\000t\000a\000i\000l\000e\000d\000\040\000D\000e\000s\000c\000r\000i\000p\000t\000i\000o\000n}{section.5.13}% 293
\BOOKMARK [2][-]{subsection.5.13.2}{\376\377\000L\000I\000C\000E\000N\000S\000E}{section.5.13}% 294
\BOOKMARK [2][-]{subsection.5.13.3}{\376\377\000D\000E\000S\000C\000R\000I\000P\000T\000I\000O\000N}{section.5.13}% 295
\BOOKMARK [1][-]{section.5.14}{\376\377\000E\000n\000t\000i\000t\000y\000M\000a\000n\000a\000g\000e\000r\000.\000h\000\040\000F\000i\000l\000e\000\040\000R\000e\000f\000e\000r\000e\000n\000c\000e}{chapter.5}% 296
\BOOKMARK [2][-]{subsection.5.14.1}{\376\377\000D\000e\000t\000a\000i\000l\000e\000d\000\040\000D\000e\000s\000c\000r\000i\000p\000t\000i\000o\000n}{section.5.14}% 297
\BOOKMARK [2][-]{subsection.5.14.2}{\376\377\000L\000I\000C\000E\000N\000S\000E}{section.5.14}% 298
\BOOKMARK [2][-]{subsection.5.14.3}{\376\377\000D\000E\000S\000C\000R\000I\000P\000T\000I\000O\000N}{section.5.14}% 299
\BOOKMARK [1][-]{section.5.15}{\376\377\000E\000v\000e\000n\000t\000M\000a\000n\000a\000g\000e\000r\000.\000h\000\040\000F\000i\000l\000e\000\040\000R\000e\000f\000e\000r\000e\000n\000c\000e}{chapter.5}% 300
\BOOKMARK [2][-]{subsection.5.15.1}{\376\377\000D\000e\000t\000a\000i\000l\000e\000d\000\040\000D\000e\000s\000c\000r\000i\000p\000t\000i\000o\000n}{section.5.15}% 301
\BOOKMARK [2][-]{subsection.5.15.2}{\376\377\000L\000I\000C\000E\000N\000S\000E}{section.5.15}% 302
\BOOKMARK [2][-]{subsection.5.15.3}{\376\377\000D\000E\000S\000C\000R\000I\000P\000T\000I\000O\000N}{section.5.15}% 303
\BOOKMARK [1][-]{section.5.16}{\376\377\000E\000v\000e\000n\000t\000S\000y\000s\000t\000e\000m\000.\000h\000\040\000F\000i\000l\000e\000\040\000R\000e\000f\000e\000r\000e\000n\000c\000e}{chapter.5}% 304
\BOOKMARK [2][-]{subsection.5.16.1}{\376\377\000D\000e\000t\000a\000i\000l\000e\000d\000\040\000D\000e\000s\000c\000r\000i\000p\000t\000i\000o\000n}{section.5.16}% 305
\BOOKMARK [2][-]{subsection.5.16.2}{\376\377\000L\000I\000C\000E\000N\000S\000E}{section.5.16}% 306
\BOOKMARK [2][-]{subsection.5.16.3}{\376\377\000D\000E\000S\000C\000R\000I\000P\000T\000I\000O\000N}{section.5.16}% 307
\BOOKMARK [1][-]{section.5.17}{\376\377\000I\000n\000p\000u\000t\000C\000o\000m\000p\000o\000n\000e\000n\000t\000.\000h\000\040\000F\000i\000l\000e\000\040\000R\000e\000f\000e\000r\000e\000n\000c\000e}{chapter.5}% 308
\BOOKMARK [2][-]{subsection.5.17.1}{\376\377\000D\000e\000t\000a\000i\000l\000e\000d\000\040\000D\000e\000s\000c\000r\000i\000p\000t\000i\000o\000n}{section.5.17}% 309
\BOOKMARK [2][-]{subsection.5.17.2}{\376\377\000L\000I\000C\000E\000N\000S\000E}{section.5.17}% 310
\BOOKMARK [2][-]{subsection.5.17.3}{\376\377\000D\000E\000S\000C\000R\000I\000P\000T\000I\000O\000N}{section.5.17}% 311
\BOOKMARK [1][-]{section.5.18}{\376\377\000I\000n\000p\000u\000t\000S\000y\000s\000t\000e\000m\000.\000h\000\040\000F\000i\000l\000e\000\040\000R\000e\000f\000e\000r\000e\000n\000c\000e}{chapter.5}% 312
\BOOKMARK [2][-]{subsection.5.18.1}{\376\377\000D\000e\000t\000a\000i\000l\000e\000d\000\040\000D\000e\000s\000c\000r\000i\000p\000t\000i\000o\000n}{section.5.18}% 313
\BOOKMARK [2][-]{subsection.5.18.2}{\376\377\000L\000I\000C\000E\000N\000S\000E}{section.5.18}% 314
\BOOKMARK [2][-]{subsection.5.18.3}{\376\377\000D\000E\000S\000C\000R\000I\000P\000T\000I\000O\000N}{section.5.18}% 315
\BOOKMARK [1][-]{section.5.19}{\376\377\000M\000a\000i\000n\000E\000n\000t\000i\000t\000y\000.\000h\000\040\000F\000i\000l\000e\000\040\000R\000e\000f\000e\000r\000e\000n\000c\000e}{chapter.5}% 316
\BOOKMARK [2][-]{subsection.5.19.1}{\376\377\000D\000e\000t\000a\000i\000l\000e\000d\000\040\000D\000e\000s\000c\000r\000i\000p\000t\000i\000o\000n}{section.5.19}% 317
\BOOKMARK [2][-]{subsection.5.19.2}{\376\377\000L\000I\000C\000E\000N\000S\000E}{section.5.19}% 318
\BOOKMARK [2][-]{subsection.5.19.3}{\376\377\000D\000E\000S\000C\000R\000I\000P\000T\000I\000O\000N}{section.5.19}% 319
\BOOKMARK [1][-]{section.5.20}{\376\377\000P\000o\000s\000i\000t\000i\000o\000n\000C\000o\000m\000p\000o\000n\000e\000n\000t\000.\000h\000\040\000F\000i\000l\000e\000\040\000R\000e\000f\000e\000r\000e\000n\000c\000e}{chapter.5}% 320
\BOOKMARK [2][-]{subsection.5.20.1}{\376\377\000D\000e\000t\000a\000i\000l\000e\000d\000\040\000D\000e\000s\000c\000r\000i\000p\000t\000i\000o\000n}{section.5.20}% 321
\BOOKMARK [2][-]{subsection.5.20.2}{\376\377\000L\000I\000C\000E\000N\000S\000E}{section.5.20}% 322
\BOOKMARK [2][-]{subsection.5.20.3}{\376\377\000D\000E\000S\000C\000R\000I\000P\000T\000I\000O\000N}{section.5.20}% 323
\BOOKMARK [1][-]{section.5.21}{\376\377\000S\000h\000a\000p\000e\000C\000o\000m\000p\000o\000n\000e\000n\000t\000.\000h\000\040\000F\000i\000l\000e\000\040\000R\000e\000f\000e\000r\000e\000n\000c\000e}{chapter.5}% 324
\BOOKMARK [2][-]{subsection.5.21.1}{\376\377\000D\000e\000t\000a\000i\000l\000e\000d\000\040\000D\000e\000s\000c\000r\000i\000p\000t\000i\000o\000n}{section.5.21}% 325
\BOOKMARK [2][-]{subsection.5.21.2}{\376\377\000L\000I\000C\000E\000N\000S\000E}{section.5.21}% 326
\BOOKMARK [2][-]{subsection.5.21.3}{\376\377\000D\000E\000S\000C\000R\000I\000P\000T\000I\000O\000N}{section.5.21}% 327
\BOOKMARK [1][-]{section.5.22}{\376\377\000S\000h\000a\000p\000e\000M\000a\000n\000a\000g\000e\000r\000.\000h\000\040\000F\000i\000l\000e\000\040\000R\000e\000f\000e\000r\000e\000n\000c\000e}{chapter.5}% 328
\BOOKMARK [2][-]{subsection.5.22.1}{\376\377\000D\000e\000t\000a\000i\000l\000e\000d\000\040\000D\000e\000s\000c\000r\000i\000p\000t\000i\000o\000n}{section.5.22}% 329
\BOOKMARK [2][-]{subsection.5.22.2}{\376\377\000L\000I\000C\000E\000N\000S\000E}{section.5.22}% 330
\BOOKMARK [2][-]{subsection.5.22.3}{\376\377\000D\000E\000S\000C\000R\000I\000P\000T\000I\000O\000N}{section.5.22}% 331
\BOOKMARK [1][-]{section.5.23}{\376\377\000S\000p\000r\000i\000t\000e\000C\000o\000m\000p\000o\000n\000e\000n\000t\000.\000h\000\040\000F\000i\000l\000e\000\040\000R\000e\000f\000e\000r\000e\000n\000c\000e}{chapter.5}% 332
\BOOKMARK [2][-]{subsection.5.23.1}{\376\377\000D\000e\000t\000a\000i\000l\000e\000d\000\040\000D\000e\000s\000c\000r\000i\000p\000t\000i\000o\000n}{section.5.23}% 333
\BOOKMARK [2][-]{subsection.5.23.2}{\376\377\000L\000I\000C\000E\000N\000S\000E}{section.5.23}% 334
\BOOKMARK [2][-]{subsection.5.23.3}{\376\377\000D\000E\000S\000C\000R\000I\000P\000T\000I\000O\000N}{section.5.23}% 335
\BOOKMARK [1][-]{section.5.24}{\376\377\000S\000p\000r\000i\000t\000e\000M\000a\000n\000a\000g\000e\000r\000.\000h\000\040\000F\000i\000l\000e\000\040\000R\000e\000f\000e\000r\000e\000n\000c\000e}{chapter.5}% 336
\BOOKMARK [2][-]{subsection.5.24.1}{\376\377\000D\000e\000t\000a\000i\000l\000e\000d\000\040\000D\000e\000s\000c\000r\000i\000p\000t\000i\000o\000n}{section.5.24}% 337
\BOOKMARK [2][-]{subsection.5.24.2}{\376\377\000L\000I\000C\000E\000N\000S\000E}{section.5.24}% 338
\BOOKMARK [2][-]{subsection.5.24.3}{\376\377\000D\000E\000S\000C\000R\000I\000P\000T\000I\000O\000N}{section.5.24}% 339
\BOOKMARK [1][-]{section.5.25}{\376\377\000S\000p\000r\000i\000t\000e\000S\000y\000s\000t\000e\000m\000.\000h\000\040\000F\000i\000l\000e\000\040\000R\000e\000f\000e\000r\000e\000n\000c\000e}{chapter.5}% 340
\BOOKMARK [2][-]{subsection.5.25.1}{\376\377\000D\000e\000t\000a\000i\000l\000e\000d\000\040\000D\000e\000s\000c\000r\000i\000p\000t\000i\000o\000n}{section.5.25}% 341
\BOOKMARK [2][-]{subsection.5.25.2}{\376\377\000L\000I\000C\000E\000N\000S\000E}{section.5.25}% 342
\BOOKMARK [2][-]{subsection.5.25.3}{\376\377\000D\000E\000S\000C\000R\000I\000P\000T\000I\000O\000N}{section.5.25}% 343
\BOOKMARK [1][-]{section.5.26}{\376\377\000S\000t\000a\000t\000e\000C\000o\000m\000p\000o\000n\000e\000n\000t\000.\000h\000\040\000F\000i\000l\000e\000\040\000R\000e\000f\000e\000r\000e\000n\000c\000e}{chapter.5}% 344
\BOOKMARK [2][-]{subsection.5.26.1}{\376\377\000D\000e\000t\000a\000i\000l\000e\000d\000\040\000D\000e\000s\000c\000r\000i\000p\000t\000i\000o\000n}{section.5.26}% 345
\BOOKMARK [2][-]{subsection.5.26.2}{\376\377\000L\000I\000C\000E\000N\000S\000E}{section.5.26}% 346
\BOOKMARK [2][-]{subsection.5.26.3}{\376\377\000D\000E\000S\000C\000R\000I\000P\000T\000I\000O\000N}{section.5.26}% 347
\BOOKMARK [1][-]{section.5.27}{\376\377\000S\000t\000a\000t\000e\000M\000a\000n\000a\000g\000e\000r\000.\000h\000\040\000F\000i\000l\000e\000\040\000R\000e\000f\000e\000r\000e\000n\000c\000e}{chapter.5}% 348
\BOOKMARK [2][-]{subsection.5.27.1}{\376\377\000D\000e\000t\000a\000i\000l\000e\000d\000\040\000D\000e\000s\000c\000r\000i\000p\000t\000i\000o\000n}{section.5.27}% 349
\BOOKMARK [2][-]{subsection.5.27.2}{\376\377\000L\000I\000C\000E\000N\000S\000E}{section.5.27}% 350
\BOOKMARK [2][-]{subsection.5.27.3}{\376\377\000D\000E\000S\000C\000R\000I\000P\000T\000I\000O\000N}{section.5.27}% 351
\BOOKMARK [1][-]{section.5.28}{\376\377\000S\000y\000s\000t\000e\000m\000M\000a\000n\000a\000g\000e\000r\000.\000h\000\040\000F\000i\000l\000e\000\040\000R\000e\000f\000e\000r\000e\000n\000c\000e}{chapter.5}% 352
\BOOKMARK [2][-]{subsection.5.28.1}{\376\377\000D\000e\000t\000a\000i\000l\000e\000d\000\040\000D\000e\000s\000c\000r\000i\000p\000t\000i\000o\000n}{section.5.28}% 353
\BOOKMARK [2][-]{subsection.5.28.2}{\376\377\000L\000I\000C\000E\000N\000S\000E}{section.5.28}% 354
\BOOKMARK [2][-]{subsection.5.28.3}{\376\377\000D\000E\000S\000C\000R\000I\000P\000T\000I\000O\000N}{section.5.28}% 355
\BOOKMARK [1][-]{section.5.29}{\376\377\000T\000e\000x\000t\000C\000o\000m\000p\000o\000n\000e\000n\000t\000.\000h\000\040\000F\000i\000l\000e\000\040\000R\000e\000f\000e\000r\000e\000n\000c\000e}{chapter.5}% 356
\BOOKMARK [2][-]{subsection.5.29.1}{\376\377\000D\000e\000t\000a\000i\000l\000e\000d\000\040\000D\000e\000s\000c\000r\000i\000p\000t\000i\000o\000n}{section.5.29}% 357
\BOOKMARK [2][-]{subsection.5.29.2}{\376\377\000L\000I\000C\000E\000N\000S\000E}{section.5.29}% 358
\BOOKMARK [2][-]{subsection.5.29.3}{\376\377\000D\000E\000S\000C\000R\000I\000P\000T\000I\000O\000N}{section.5.29}% 359
\BOOKMARK [1][-]{section.5.30}{\376\377\000T\000e\000x\000t\000M\000a\000n\000a\000g\000e\000r\000.\000h\000\040\000F\000i\000l\000e\000\040\000R\000e\000f\000e\000r\000e\000n\000c\000e}{chapter.5}% 360
\BOOKMARK [2][-]{subsection.5.30.1}{\376\377\000D\000e\000t\000a\000i\000l\000e\000d\000\040\000D\000e\000s\000c\000r\000i\000p\000t\000i\000o\000n}{section.5.30}% 361
\BOOKMARK [2][-]{subsection.5.30.2}{\376\377\000L\000I\000C\000E\000N\000S\000E}{section.5.30}% 362
\BOOKMARK [2][-]{subsection.5.30.3}{\376\377\000D\000E\000S\000C\000R\000I\000P\000T\000I\000O\000N}{section.5.30}% 363
\BOOKMARK [1][-]{section.5.31}{\376\377\000T\000e\000x\000t\000u\000r\000e\000M\000a\000n\000a\000g\000e\000r\000.\000h\000\040\000F\000i\000l\000e\000\040\000R\000e\000f\000e\000r\000e\000n\000c\000e}{chapter.5}% 364
\BOOKMARK [2][-]{subsection.5.31.1}{\376\377\000D\000e\000t\000a\000i\000l\000e\000d\000\040\000D\000e\000s\000c\000r\000i\000p\000t\000i\000o\000n}{section.5.31}% 365
\BOOKMARK [2][-]{subsection.5.31.2}{\376\377\000L\000I\000C\000E\000N\000S\000E}{section.5.31}% 366
\BOOKMARK [2][-]{subsection.5.31.3}{\376\377\000D\000E\000S\000C\000R\000I\000P\000T\000I\000O\000N}{section.5.31}% 367
\BOOKMARK [-1][-]{subsection.5.31.3}{\376\377\000I\000n\000d\000e\000x}{}% 368
