C:\USERS\BENZAP\DOCUMENTS\VISUAL STUDIO 2012\PROJECTS\ARMYBATTLE\ARMYBATTLE\DEBUG\AB_UTILITIES.OBJ
C:\USERS\BENZAP\DOCUMENTS\VISUAL STUDIO 2012\PROJECTS\ARMYBATTLE\ARMYBATTLE\DEBUG\ARMYBATTLE.OBJ
C:\USERS\BENZAP\DOCUMENTS\VISUAL STUDIO 2012\PROJECTS\ARMYBATTLE\ARMYBATTLE\DEBUG\ARMYBATTLESTATEMACHINE.OBJ
C:\USERS\BENZAP\DOCUMENTS\VISUAL STUDIO 2012\PROJECTS\ARMYBATTLE\ARMYBATTLE\DEBUG\BUTTON.OBJ
C:\USERS\BENZAP\DOCUMENTS\VISUAL STUDIO 2012\PROJECTS\ARMYBATTLE\ARMYBATTLE\DEBUG\DRONEUNIT.OBJ
C:\USERS\BENZAP\DOCUMENTS\VISUAL STUDIO 2012\PROJECTS\ARMYBATTLE\ARMYBATTLE\DEBUG\FIRINGDANGERZONE.OBJ
C:\USERS\BENZAP\DOCUMENTS\VISUAL STUDIO 2012\PROJECTS\ARMYBATTLE\ARMYBATTLE\DEBUG\HOMEBASEUNIT.OBJ
C:\USERS\BENZAP\DOCUMENTS\VISUAL STUDIO 2012\PROJECTS\ARMYBATTLE\ARMYBATTLE\DEBUG\HUDELEMENT.OBJ
C:\USERS\BENZAP\DOCUMENTS\VISUAL STUDIO 2012\PROJECTS\ARMYBATTLE\ARMYBATTLE\DEBUG\MAIN.OBJ
C:\USERS\BENZAP\DOCUMENTS\VISUAL STUDIO 2012\PROJECTS\ARMYBATTLE\ARMYBATTLE\DEBUG\MENU.OBJ
C:\USERS\BENZAP\DOCUMENTS\VISUAL STUDIO 2012\PROJECTS\ARMYBATTLE\ARMYBATTLE\DEBUG\MOUSECURSOR.OBJ
C:\USERS\BENZAP\DOCUMENTS\VISUAL STUDIO 2012\PROJECTS\ARMYBATTLE\ARMYBATTLE\DEBUG\SCOREBOARD.OBJ
C:\USERS\BENZAP\DOCUMENTS\VISUAL STUDIO 2012\PROJECTS\ARMYBATTLE\ARMYBATTLE\DEBUG\STATUSBAR.OBJ
C:\USERS\BENZAP\DOCUMENTS\VISUAL STUDIO 2012\PROJECTS\ARMYBATTLE\ARMYBATTLE\DEBUG\UNIT.OBJ
C:\USERS\BENZAP\DOCUMENTS\VISUAL STUDIO 2012\PROJECTS\ARMYBATTLE\ARMYBATTLE\DEBUG\WORLD.OBJ
C:\USERS\BENZAP\DOCUMENTS\VISUAL STUDIO 2012\PROJECTS\ARMYBATTLE\ARMYBATTLE\DEBUG\WORLDOBJECT.OBJ
C:\USERS\BENZAP\DOCUMENTS\VISUAL STUDIO 2012\PROJECTS\ARMYBATTLE\ARMYBATTLE\DEBUG\VC110.PDB
C:\USERS\BENZAP\DOCUMENTS\VISUAL STUDIO 2012\PROJECTS\ARMYBATTLE\ARMYBATTLE\DEBUG\STATUSLOG.OBJ
C:\USERS\BENZAP\DOCUMENTS\VISUAL STUDIO 2012\PROJECTS\ARMYBATTLE\ARMYBATTLE\DEBUG\VICTORY.OBJ
C:\USERS\BENZAP\DOCUMENTS\VISUAL STUDIO 2012\PROJECTS\ARMYBATTLE\DEBUG\ARMYBATTLE.ILK
C:\USERS\BENZAP\DOCUMENTS\VISUAL STUDIO 2012\PROJECTS\ARMYBATTLE\DEBUG\ARMYBATTLE.EXE
C:\USERS\BENZAP\DOCUMENTS\VISUAL STUDIO 2012\PROJECTS\ARMYBATTLE\DEBUG\ARMYBATTLE.PDB
C:\Users\benzap\documents\visual studio 2012\Projects\armyBattle\armyBattle\Debug\AB_Utilities.obj
C:\Users\benzap\documents\visual studio 2012\Projects\armyBattle\armyBattle\Debug\ArmyBattle.obj
C:\Users\benzap\documents\visual studio 2012\Projects\armyBattle\armyBattle\Debug\ArmyBattleStateMachine.obj
C:\Users\benzap\documents\visual studio 2012\Projects\armyBattle\armyBattle\Debug\Button.obj
C:\Users\benzap\documents\visual studio 2012\Projects\armyBattle\armyBattle\Debug\DroneUnit.obj
C:\Users\benzap\documents\visual studio 2012\Projects\armyBattle\armyBattle\Debug\FiringDangerZone.obj
C:\Users\benzap\documents\visual studio 2012\Projects\armyBattle\armyBattle\Debug\HomebaseUnit.obj
C:\Users\benzap\documents\visual studio 2012\Projects\armyBattle\armyBattle\Debug\HUDElement.obj
C:\Users\benzap\documents\visual studio 2012\Projects\armyBattle\armyBattle\Debug\Main.obj
C:\Users\benzap\documents\visual studio 2012\Projects\armyBattle\armyBattle\Debug\Menu.obj
C:\Users\benzap\documents\visual studio 2012\Projects\armyBattle\armyBattle\Debug\MouseCursor.obj
C:\Users\benzap\documents\visual studio 2012\Projects\armyBattle\armyBattle\Debug\ScoreBoard.obj
C:\Users\benzap\documents\visual studio 2012\Projects\armyBattle\armyBattle\Debug\StatusBar.obj
C:\Users\benzap\documents\visual studio 2012\Projects\armyBattle\armyBattle\Debug\StatusLog.obj
C:\Users\benzap\documents\visual studio 2012\Projects\armyBattle\armyBattle\Debug\Unit.obj
C:\Users\benzap\documents\visual studio 2012\Projects\armyBattle\armyBattle\Debug\Victory.obj
C:\Users\benzap\documents\visual studio 2012\Projects\armyBattle\armyBattle\Debug\World.obj
C:\Users\benzap\documents\visual studio 2012\Projects\armyBattle\armyBattle\Debug\WorldObject.obj
C:\Users\benzap\documents\visual studio 2012\Projects\armyBattle\armyBattle\Debug\cl.command.1.tlog
C:\Users\benzap\documents\visual studio 2012\Projects\armyBattle\armyBattle\Debug\CL.read.1.tlog
C:\Users\benzap\documents\visual studio 2012\Projects\armyBattle\armyBattle\Debug\CL.write.1.tlog
C:\Users\benzap\documents\visual studio 2012\Projects\armyBattle\armyBattle\Debug\link-cvtres.read.1.tlog
C:\Users\benzap\documents\visual studio 2012\Projects\armyBattle\armyBattle\Debug\link-cvtres.write.1.tlog
C:\Users\benzap\documents\visual studio 2012\Projects\armyBattle\armyBattle\Debug\link-rc.read.1.tlog
C:\Users\benzap\documents\visual studio 2012\Projects\armyBattle\armyBattle\Debug\link-rc.write.1.tlog
C:\Users\benzap\documents\visual studio 2012\Projects\armyBattle\armyBattle\Debug\link.7924-cvtres.read.1.tlog
C:\Users\benzap\documents\visual studio 2012\Projects\armyBattle\armyBattle\Debug\link.7924-cvtres.write.1.tlog
C:\Users\benzap\documents\visual studio 2012\Projects\armyBattle\armyBattle\Debug\link.7924-rc.read.1.tlog
C:\Users\benzap\documents\visual studio 2012\Projects\armyBattle\armyBattle\Debug\link.7924-rc.write.1.tlog
C:\Users\benzap\documents\visual studio 2012\Projects\armyBattle\armyBattle\Debug\link.7924.read.1.tlog
C:\Users\benzap\documents\visual studio 2012\Projects\armyBattle\armyBattle\Debug\link.7924.read.2.tlog
C:\Users\benzap\documents\visual studio 2012\Projects\armyBattle\armyBattle\Debug\link.7924.write.1.tlog
C:\Users\benzap\documents\visual studio 2012\Projects\armyBattle\armyBattle\Debug\link.command.1.tlog
C:\Users\benzap\documents\visual studio 2012\Projects\armyBattle\armyBattle\Debug\link.read.1.tlog
C:\Users\benzap\documents\visual studio 2012\Projects\armyBattle\armyBattle\Debug\link.read.2.tlog
C:\Users\benzap\documents\visual studio 2012\Projects\armyBattle\armyBattle\Debug\link.write.1.tlog
C:\Users\benzap\documents\visual studio 2012\Projects\armyBattle\armyBattle\Debug\vc110.idb
C:\Users\benzap\documents\visual studio 2012\Projects\armyBattle\armyBattle\Debug\vc110.pdb
C:\Users\benzap\documents\visual studio 2012\Projects\armyBattle\Debug\armyBattle.pdb
C:\Users\benzap\documents\visual studio 2012\Projects\armyBattle\Debug\armyBattle.exe
C:\Users\benzap\documents\visual studio 2012\Projects\armyBattle\Debug\armyBattle.ilk
